This is pdfTeX, Version 3.141592653-2.6-1.40.25 (TeX Live 2023) (preloaded format=pdflatex 2023.7.9)  26 FEB 2025 21:48
entering extended mode
 restricted \write18 enabled.
 file:line:error style messages enabled.
 %&-line parsing enabled.
**/workspaces/weblatex/main
(/workspaces/weblatex/main.tex
LaTeX2e <2023-06-01> patch level 1
L3 programming layer <2023-06-30>
(/usr/local/texlive/2023/texmf-dist/tex/latex/base/book.cls
Document Class: book 2023/05/17 v1.4n Standard LaTeX document class
(/usr/local/texlive/2023/texmf-dist/tex/latex/base/bk11.clo
File: bk11.clo 2023/05/17 v1.4n Standard LaTeX file (size option)
)
\c@part=\count185
\c@chapter=\count186
\c@section=\count187
\c@subsection=\count188
\c@subsubsection=\count189
\c@paragraph=\count190
\c@subparagraph=\count191
\c@figure=\count192
\c@table=\count193
\abovecaptionskip=\skip48
\belowcaptionskip=\skip49
\bibindent=\dimen140
) (/usr/local/texlive/2023/texmf-dist/tex/latex/geometry/geometry.sty
Package: geometry 2020/01/02 v5.9 Page Geometry
 (/usr/local/texlive/2023/texmf-dist/tex/latex/graphics/keyval.sty
Package: keyval 2022/05/29 v1.15 key=value parser (DPC)
\KV@toks@=\toks17
) (/usr/local/texlive/2023/texmf-dist/tex/generic/iftex/ifvtex.sty
Package: ifvtex 2019/10/25 v1.7 ifvtex legacy package. Use iftex instead.
 (/usr/local/texlive/2023/texmf-dist/tex/generic/iftex/iftex.sty
Package: iftex 2022/02/03 v1.0f TeX engine tests
))
\Gm@cnth=\count194
\Gm@cntv=\count195
\c@Gm@tempcnt=\count196
\Gm@bindingoffset=\dimen141
\Gm@wd@mp=\dimen142
\Gm@odd@mp=\dimen143
\Gm@even@mp=\dimen144
\Gm@layoutwidth=\dimen145
\Gm@layoutheight=\dimen146
\Gm@layouthoffset=\dimen147
\Gm@layoutvoffset=\dimen148
\Gm@dimlist=\toks18
) (/usr/local/texlive/2023/texmf-dist/tex/latex/base/fontenc.sty
Package: fontenc 2021/04/29 v2.0v Standard LaTeX package
) (/usr/local/texlive/2023/texmf-dist/tex/latex/psnfss/mathpazo.sty
Package: mathpazo 2020/03/25 PSNFSS-v9.3 Palatino w/ Pazo Math (D.Puga, WaS) 
\symupright=\mathgroup4
) (./packages.tex (/usr/local/texlive/2023/texmf-dist/tex/latex/lipsum/lipsum.sty (/usr/local/texlive/2023/texmf-dist/tex/latex/l3packages/l3keys2e/l3keys2e.sty (/usr/local/texlive/2023/texmf-dist/tex/latex/l3kernel/expl3.sty
Package: expl3 2023-06-30 L3 programming layer (loader) 
 (/usr/local/texlive/2023/texmf-dist/tex/latex/l3backend/l3backend-pdftex.def
File: l3backend-pdftex.def 2023-04-19 L3 backend support: PDF output (pdfTeX)
\l__color_backend_stack_int=\count197
\l__pdf_internal_box=\box51
))
Package: l3keys2e 2023-02-02 LaTeX2e option processing using LaTeX3 keys
)
Package: lipsum 2021-09-20 v2.7 150 paragraphs of Lorem Ipsum dummy text
\g__lipsum_par_int=\count198
\l__lipsum_a_int=\count199
\l__lipsum_b_int=\count266
 (/usr/local/texlive/2023/texmf-dist/tex/latex/lipsum/lipsum.ltd.tex)) (/usr/local/texlive/2023/texmf-dist/tex/latex/appendix/appendix.sty
Package: appendix 2020/02/08 v1.2c extra appendix facilities
\c@@pps=\count267
\c@@ppsavesec=\count268
\c@@ppsaveapp=\count269
) (/usr/local/texlive/2023/texmf-dist/tex/latex/ragged2e/ragged2e.sty
Package: ragged2e 2023/06/22 v3.6 ragged2e Package
 (/usr/local/texlive/2023/texmf-dist/tex/latex/footmisc/footmisc.sty
Package: footmisc 2023/07/05 v6.0f a miscellany of footnote facilities
\FN@temptoken=\toks19
\footnotemargin=\dimen149
\@outputbox@depth=\dimen150
Package footmisc Info: Declaring symbol style bringhurst on input line 696.
Package footmisc Info: Declaring symbol style chicago on input line 704.
Package footmisc Info: Declaring symbol style wiley on input line 713.
Package footmisc Info: Declaring symbol style lamport-robust on input line 724.
Package footmisc Info: Declaring symbol style lamport* on input line 744.
Package footmisc Info: Declaring symbol style lamport*-robust on input line 765.
)
\CenteringLeftskip=\skip50
\RaggedLeftLeftskip=\skip51
\RaggedRightLeftskip=\skip52
\CenteringRightskip=\skip53
\RaggedLeftRightskip=\skip54
\RaggedRightRightskip=\skip55
\CenteringParfillskip=\skip56
\RaggedLeftParfillskip=\skip57
\RaggedRightParfillskip=\skip58
\JustifyingParfillskip=\skip59
\CenteringParindent=\skip60
\RaggedLeftParindent=\skip61
\RaggedRightParindent=\skip62
\JustifyingParindent=\skip63
) (/usr/local/texlive/2023/texmf-dist/tex/latex/graphics/graphicx.sty
Package: graphicx 2021/09/16 v1.2d Enhanced LaTeX Graphics (DPC,SPQR)
 (/usr/local/texlive/2023/texmf-dist/tex/latex/graphics/graphics.sty
Package: graphics 2022/03/10 v1.4e Standard LaTeX Graphics (DPC,SPQR)
 (/usr/local/texlive/2023/texmf-dist/tex/latex/graphics/trig.sty
Package: trig 2021/08/11 v1.11 sin cos tan (DPC)
) (/usr/local/texlive/2023/texmf-dist/tex/latex/graphics-cfg/graphics.cfg
File: graphics.cfg 2016/06/04 v1.11 sample graphics configuration
)
Package graphics Info: Driver file: pdftex.def on input line 107.
 (/usr/local/texlive/2023/texmf-dist/tex/latex/graphics-def/pdftex.def
File: pdftex.def 2022/09/22 v1.2b Graphics/color driver for pdftex
))
\Gin@req@height=\dimen151
\Gin@req@width=\dimen152
) (/usr/local/texlive/2023/texmf-dist/tex/generic/babel/babel.sty
Package: babel 2023/06/26 v3.90 The Babel package
\babel@savecnt=\count270
\U@D=\dimen153
\l@unhyphenated=\language87
 (/usr/local/texlive/2023/texmf-dist/tex/generic/babel/txtbabel.def)
\bbl@readstream=\read2
\bbl@dirlevel=\count271
 (/usr/local/texlive/2023/texmf-dist/tex/generic/babel-english/english.ldf
Language: english 2017/06/06 v3.3r English support from the babel system
Package babel Info: Hyphen rules for 'canadian' set to \l@english
(babel)             (\language0). Reported on input line 102.
Package babel Info: Hyphen rules for 'australian' set to \l@ukenglish
(babel)             (\language21). Reported on input line 105.
Package babel Info: Hyphen rules for 'newzealand' set to \l@ukenglish
(babel)             (\language21). Reported on input line 108.
)) (/usr/local/texlive/2023/texmf-dist/tex/generic/babel/locale/en/babel-english.tex
Package babel Info: Importing font and identification data for english
(babel)             from babel-en.ini. Reported on input line 11.
) (/usr/local/texlive/2023/texmf-dist/tex/latex/csquotes/csquotes.sty
Package: csquotes 2022-09-14 v5.2n context-sensitive quotations (JAW)
 (/usr/local/texlive/2023/texmf-dist/tex/latex/etoolbox/etoolbox.sty
Package: etoolbox 2020/10/05 v2.5k e-TeX tools for LaTeX (JAW)
\etb@tempcnta=\count272
)
\csq@reset=\count273
\csq@gtype=\count274
\csq@glevel=\count275
\csq@qlevel=\count276
\csq@maxlvl=\count277
\csq@tshold=\count278
\csq@ltx@everypar=\toks20
 (/usr/local/texlive/2023/texmf-dist/tex/latex/csquotes/csquotes.def
File: csquotes.def 2022-09-14 v5.2n csquotes generic definitions (JAW)
)
Package csquotes Info: Trying to load configuration file 'csquotes.cfg'...
Package csquotes Info: ... configuration file loaded successfully.
 (/usr/local/texlive/2023/texmf-dist/tex/latex/csquotes/csquotes.cfg
File: csquotes.cfg 
)) (/usr/local/texlive/2023/texmf-dist/tex/latex/hyphenat/hyphenat.sty
Package: hyphenat 2009/09/02 v2.3c hyphenation utilities
\langwohyphens=\language88
LaTeX Info: Redefining \_ on input line 43.
) (./bookabstract.sty) (/usr/local/texlive/2023/texmf-dist/tex/latex/adjustbox/adjustbox.sty
Package: adjustbox 2022/10/17 v1.3a Adjusting TeX boxes (trim, clip, ...)
 (/usr/local/texlive/2023/texmf-dist/tex/latex/xkeyval/xkeyval.sty
Package: xkeyval 2022/06/16 v2.9 package option processing (HA)
 (/usr/local/texlive/2023/texmf-dist/tex/generic/xkeyval/xkeyval.tex (/usr/local/texlive/2023/texmf-dist/tex/generic/xkeyval/xkvutils.tex
\XKV@toks=\toks21
\XKV@tempa@toks=\toks22
)
\XKV@depth=\count279
File: xkeyval.tex 2014/12/03 v2.7a key=value parser (HA)
)) (/usr/local/texlive/2023/texmf-dist/tex/latex/adjustbox/adjcalc.sty
Package: adjcalc 2012/05/16 v1.1 Provides advanced setlength with multiple back-ends (calc, etex, pgfmath)
) (/usr/local/texlive/2023/texmf-dist/tex/latex/adjustbox/trimclip.sty
Package: trimclip 2020/08/19 v1.2 Trim and clip general TeX material
 (/usr/local/texlive/2023/texmf-dist/tex/latex/collectbox/collectbox.sty
Package: collectbox 2022/10/17 v0.4c Collect macro arguments as boxes
\collectedbox=\box52
)
\tc@llx=\dimen154
\tc@lly=\dimen155
\tc@urx=\dimen156
\tc@ury=\dimen157
Package trimclip Info: Using driver 'tc-pdftex.def'.
 (/usr/local/texlive/2023/texmf-dist/tex/latex/adjustbox/tc-pdftex.def
File: tc-pdftex.def 2019/01/04 v2.2 Clipping driver for pdftex
))
\adjbox@Width=\dimen158
\adjbox@Height=\dimen159
\adjbox@Depth=\dimen160
\adjbox@Totalheight=\dimen161
\adjbox@pwidth=\dimen162
\adjbox@pheight=\dimen163
\adjbox@pdepth=\dimen164
\adjbox@ptotalheight=\dimen165
 (/usr/local/texlive/2023/texmf-dist/tex/latex/ifoddpage/ifoddpage.sty
Package: ifoddpage 2022/10/18 v1.2 Conditionals for odd/even page detection
\c@checkoddpage=\count280
) (/usr/local/texlive/2023/texmf-dist/tex/latex/varwidth/varwidth.sty
Package: varwidth 2009/03/30 ver 0.92;  Variable-width minipages
\@vwid@box=\box53
\sift@deathcycles=\count281
\@vwid@loff=\dimen166
\@vwid@roff=\dimen167
)) (/usr/local/texlive/2023/texmf-dist/tex/latex/graphics/lscape.sty
Package: lscape 2020/05/28 v3.02 Landscape Pages (DPC)
) (/usr/local/texlive/2023/texmf-dist/tex/latex/parskip/parskip.sty
Package: parskip 2021-03-14 v2.0h non-zero parskip adjustments
 (/usr/local/texlive/2023/texmf-dist/tex/latex/kvoptions/kvoptions.sty
Package: kvoptions 2022-06-15 v3.15 Key value format for package options (HO)
 (/usr/local/texlive/2023/texmf-dist/tex/generic/ltxcmds/ltxcmds.sty
Package: ltxcmds 2020-05-10 v1.25 LaTeX kernel commands for general use (HO)
) (/usr/local/texlive/2023/texmf-dist/tex/latex/kvsetkeys/kvsetkeys.sty
Package: kvsetkeys 2022-10-05 v1.19 Key value parser (HO)
))) (/usr/local/texlive/2023/texmf-dist/tex/latex/setspace/setspace.sty
Package: setspace 2022/12/04 v6.7b set line spacing
) (/usr/local/texlive/2023/texmf-dist/tex/latex/fancyhdr/fancyhdr.sty
Package: fancyhdr 2022/11/09 v4.1 Extensive control of page headers and footers
\f@nch@headwidth=\skip64
\f@nch@O@elh=\skip65
\f@nch@O@erh=\skip66
\f@nch@O@olh=\skip67
\f@nch@O@orh=\skip68
\f@nch@O@elf=\skip69
\f@nch@O@erf=\skip70
\f@nch@O@olf=\skip71
\f@nch@O@orf=\skip72
) (/usr/local/texlive/2023/texmf-dist/tex/latex/biblatex/biblatex.sty
Package: biblatex 2023/03/05 v3.19 programmable bibliographies (PK/MW)
 (/usr/local/texlive/2023/texmf-dist/tex/generic/pdftexcmds/pdftexcmds.sty
Package: pdftexcmds 2020-06-27 v0.33 Utility functions of pdfTeX for LuaTeX (HO)
 (/usr/local/texlive/2023/texmf-dist/tex/generic/infwarerr/infwarerr.sty
Package: infwarerr 2019/12/03 v1.5 Providing info/warning/error messages (HO)
)
Package pdftexcmds Info: \pdf@primitive is available.
Package pdftexcmds Info: \pdf@ifprimitive is available.
Package pdftexcmds Info: \pdfdraftmode found.
) (/usr/local/texlive/2023/texmf-dist/tex/latex/logreq/logreq.sty
Package: logreq 2010/08/04 v1.0 xml request logger
\lrq@indent=\count282
 (/usr/local/texlive/2023/texmf-dist/tex/latex/logreq/logreq.def
File: logreq.def 2010/08/04 v1.0 logreq spec v1.0
)) (/usr/local/texlive/2023/texmf-dist/tex/latex/base/ifthen.sty
Package: ifthen 2022/04/13 v1.1d Standard LaTeX ifthen package (DPC)
) (/usr/local/texlive/2023/texmf-dist/tex/latex/url/url.sty
\Urlmuskip=\muskip16
Package: url 2013/09/16  ver 3.4  Verb mode for urls, etc.
)
\c@tabx@nest=\count283
\c@listtotal=\count284
\c@listcount=\count285
\c@liststart=\count286
\c@liststop=\count287
\c@citecount=\count288
\c@citetotal=\count289
\c@multicitecount=\count290
\c@multicitetotal=\count291
\c@instcount=\count292
\c@maxnames=\count293
\c@minnames=\count294
\c@maxitems=\count295
\c@minitems=\count296
\c@citecounter=\count297
\c@maxcitecounter=\count298
\c@savedcitecounter=\count299
\c@uniquelist=\count300
\c@uniquename=\count301
\c@refsection=\count302
\c@refsegment=\count303
\c@maxextratitle=\count304
\c@maxextratitleyear=\count305
\c@maxextraname=\count306
\c@maxextradate=\count307
\c@maxextraalpha=\count308
\c@abbrvpenalty=\count309
\c@highnamepenalty=\count310
\c@lownamepenalty=\count311
\c@maxparens=\count312
\c@parenlevel=\count313
\blx@tempcnta=\count314
\blx@tempcntb=\count315
\blx@tempcntc=\count316
\c@blx@maxsection=\count317
\blx@maxsegment@0=\count318
\blx@notetype=\count319
\blx@parenlevel@text=\count320
\blx@parenlevel@foot=\count321
\blx@sectionciteorder@0=\count322
\blx@sectionciteorderinternal@0=\count323
\blx@entrysetcounter=\count324
\blx@biblioinstance=\count325
\labelnumberwidth=\skip73
\labelalphawidth=\skip74
\biblabelsep=\skip75
\bibitemsep=\skip76
\bibnamesep=\skip77
\bibinitsep=\skip78
\bibparsep=\skip79
\bibhang=\skip80
\blx@bcfin=\read3
\blx@bcfout=\write3
\blx@langwohyphens=\language89
\c@mincomprange=\count326
\c@maxcomprange=\count327
\c@mincompwidth=\count328
Package biblatex Info: Trying to load biblatex default data model...
Package biblatex Info: ... file 'blx-dm.def' found.
 (/usr/local/texlive/2023/texmf-dist/tex/latex/biblatex/blx-dm.def
File: blx-dm.def 2023/03/05 v3.19 biblatex localization (PK/MW)
)
Package biblatex Info: Trying to load biblatex style data model...
Package biblatex Info: ... file 'ieee.dbx' not found.
Package biblatex Info: Trying to load biblatex custom data model...
Package biblatex Info: ... file 'biblatex-dm.cfg' not found.
\c@afterword=\count329
\c@savedafterword=\count330
\c@annotator=\count331
\c@savedannotator=\count332
\c@author=\count333
\c@savedauthor=\count334
\c@bookauthor=\count335
\c@savedbookauthor=\count336
\c@commentator=\count337
\c@savedcommentator=\count338
\c@editor=\count339
\c@savededitor=\count340
\c@editora=\count341
\c@savededitora=\count342
\c@editorb=\count343
\c@savededitorb=\count344
\c@editorc=\count345
\c@savededitorc=\count346
\c@foreword=\count347
\c@savedforeword=\count348
\c@holder=\count349
\c@savedholder=\count350
\c@introduction=\count351
\c@savedintroduction=\count352
\c@namea=\count353
\c@savednamea=\count354
\c@nameb=\count355
\c@savednameb=\count356
\c@namec=\count357
\c@savednamec=\count358
\c@translator=\count359
\c@savedtranslator=\count360
\c@shortauthor=\count361
\c@savedshortauthor=\count362
\c@shorteditor=\count363
\c@savedshorteditor=\count364
\c@labelname=\count365
\c@savedlabelname=\count366
\c@institution=\count367
\c@savedinstitution=\count368
\c@lista=\count369
\c@savedlista=\count370
\c@listb=\count371
\c@savedlistb=\count372
\c@listc=\count373
\c@savedlistc=\count374
\c@listd=\count375
\c@savedlistd=\count376
\c@liste=\count377
\c@savedliste=\count378
\c@listf=\count379
\c@savedlistf=\count380
\c@location=\count381
\c@savedlocation=\count382
\c@organization=\count383
\c@savedorganization=\count384
\c@origlocation=\count385
\c@savedoriglocation=\count386
\c@origpublisher=\count387
\c@savedorigpublisher=\count388
\c@publisher=\count389
\c@savedpublisher=\count390
\c@language=\count391
\c@savedlanguage=\count392
\c@origlanguage=\count393
\c@savedoriglanguage=\count394
\c@pageref=\count395
\c@savedpageref=\count396
\shorthandwidth=\skip81
\shortjournalwidth=\skip82
\shortserieswidth=\skip83
\shorttitlewidth=\skip84
\shortauthorwidth=\skip85
\shorteditorwidth=\skip86
\locallabelnumberwidth=\skip87
\locallabelalphawidth=\skip88
\localshorthandwidth=\skip89
\localshortjournalwidth=\skip90
\localshortserieswidth=\skip91
\localshorttitlewidth=\skip92
\localshortauthorwidth=\skip93
\localshorteditorwidth=\skip94
Package biblatex Info: Trying to load compatibility code...
Package biblatex Info: ... file 'blx-compat.def' found.
 (/usr/local/texlive/2023/texmf-dist/tex/latex/biblatex/blx-compat.def
File: blx-compat.def 2023/03/05 v3.19 biblatex compatibility (PK/MW)
)
Package biblatex Info: Trying to load generic definitions...
Package biblatex Info: ... file 'biblatex.def' found.
 (/usr/local/texlive/2023/texmf-dist/tex/latex/biblatex/biblatex.def
File: biblatex.def 2023/03/05 v3.19 biblatex compatibility (PK/MW)
\c@textcitecount=\count397
\c@textcitetotal=\count398
\c@textcitemaxnames=\count399
\c@biburlbigbreakpenalty=\count400
\c@biburlbreakpenalty=\count401
\c@biburlnumpenalty=\count402
\c@biburlucpenalty=\count403
\c@biburllcpenalty=\count404
\biburlbigskip=\muskip17
\biburlnumskip=\muskip18
\biburlucskip=\muskip19
\biburllcskip=\muskip20
\c@smartand=\count405
)
Package biblatex Info: Trying to load bibliography style 'ieee'...
Package biblatex Info: ... file 'ieee.bbx' found.
 (/usr/local/texlive/2023/texmf-dist/tex/latex/biblatex-ieee/ieee.bbx
File: ieee.bbx 2021/12/06 v1.3f biblatex bibliography style
Package biblatex Info: Trying to load bibliography style 'numeric-comp'...
Package biblatex Info: ... file 'numeric-comp.bbx' found.
 (/usr/local/texlive/2023/texmf-dist/tex/latex/biblatex/bbx/numeric-comp.bbx
File: numeric-comp.bbx 2023/03/05 v3.19 biblatex bibliography style (PK/MW)
Package biblatex Info: Trying to load bibliography style 'numeric'...
Package biblatex Info: ... file 'numeric.bbx' found.
 (/usr/local/texlive/2023/texmf-dist/tex/latex/biblatex/bbx/numeric.bbx
File: numeric.bbx 2023/03/05 v3.19 biblatex bibliography style (PK/MW)
Package biblatex Info: Trying to load bibliography style 'standard'...
Package biblatex Info: ... file 'standard.bbx' found.
 (/usr/local/texlive/2023/texmf-dist/tex/latex/biblatex/bbx/standard.bbx
File: standard.bbx 2023/03/05 v3.19 biblatex bibliography style (PK/MW)
\c@bbx:relatedcount=\count406
\c@bbx:relatedtotal=\count407
))))
Package biblatex Info: Trying to load citation style 'ieee'...
Package biblatex Info: ... file 'ieee.cbx' found.
 (/usr/local/texlive/2023/texmf-dist/tex/latex/biblatex-ieee/ieee.cbx
File: ieee.cbx 2021/12/06 v1.3f biblatex citation style
Package biblatex Info: Trying to load citation style 'numeric-comp'...
Package biblatex Info: ... file 'numeric-comp.cbx' found.
 (/usr/local/texlive/2023/texmf-dist/tex/latex/biblatex/cbx/numeric-comp.cbx
File: numeric-comp.cbx 2023/03/05 v3.19 biblatex citation style (PK/MW)
\c@cbx@tempcnta=\count408
\c@cbx@tempcntb=\count409
\c@cbx@tempcntc=\count410
\c@cbx@tempcntd=\count411
Package biblatex Info: Redefining '\cite'.
Package biblatex Info: Redefining '\parencite'.
Package biblatex Info: Redefining '\footcite'.
Package biblatex Info: Redefining '\footcitetext'.
Package biblatex Info: Redefining '\smartcite'.
Package biblatex Info: Redefining '\supercite'.
Package biblatex Info: Redefining '\textcite'.
Package biblatex Info: Redefining '\textcites'.
Package biblatex Info: Redefining '\cites'.
Package biblatex Info: Redefining '\parencites'.
Package biblatex Info: Redefining '\smartcites'.
)
Package biblatex Info: Redefining '\cite'.
Package biblatex Info: Redefining '\supercite'.
Package biblatex Info: Redefining '\cites'.
)
Package biblatex Info: Trying to load configuration file...
Package biblatex Info: ... file 'biblatex.cfg' found.
 (/usr/local/texlive/2023/texmf-dist/tex/latex/biblatex/biblatex.cfg
File: biblatex.cfg 
)
Package biblatex Info: Input encoding 'utf8' detected.
Package biblatex Info: Document encoding is UTF8 ....
Package biblatex Info: ... and expl3
(biblatex)             2023-06-30 L3 programming layer (loader) 
(biblatex)             is new enough (at least 2020/04/06),
(biblatex)             setting 'casechanger=expl3'.
 (/usr/local/texlive/2023/texmf-dist/tex/latex/biblatex/blx-case-expl3.sty (/usr/local/texlive/2023/texmf-dist/tex/latex/l3packages/xparse/xparse.sty
Package: xparse 2023-02-02 L3 Experimental document command parser
)
Package: blx-case-expl3 2023/03/05 v3.19 expl3 case changing code for biblatex
)) (/usr/local/texlive/2023/texmf-dist/tex/latex/titlesec/titlesec.sty
Package: titlesec 2021/07/05 v2.14 Sectioning titles
\ttl@box=\box54
\beforetitleunit=\skip95
\aftertitleunit=\skip96
\ttl@plus=\dimen168
\ttl@minus=\dimen169
\ttl@toksa=\toks23
\titlewidth=\dimen170
\titlewidthlast=\dimen171
\titlewidthfirst=\dimen172
) (/usr/local/texlive/2023/texmf-dist/tex/latex/caption/caption.sty
Package: caption 2023/03/12 v3.6j Customizing captions (AR)
 (/usr/local/texlive/2023/texmf-dist/tex/latex/caption/caption3.sty
Package: caption3 2023/03/12 v2.4 caption3 kernel (AR)
\caption@tempdima=\dimen173
\captionmargin=\dimen174
\caption@leftmargin=\dimen175
\caption@rightmargin=\dimen176
\caption@width=\dimen177
\caption@indent=\dimen178
\caption@parindent=\dimen179
\caption@hangindent=\dimen180
Package caption Info: Standard document class detected.
)
\c@caption@flags=\count412
\c@continuedfloat=\count413
) (/usr/local/texlive/2023/texmf-dist/tex/latex/caption/subcaption.sty
Package: subcaption 2023/02/19 v1.6 Sub-captions (AR)
Package caption Info: New subtype `subfigure' on input line 239.
\c@subfigure=\count414
Package caption Info: New subtype `subtable' on input line 239.
\c@subtable=\count415
) (/usr/local/texlive/2023/texmf-dist/tex/latex/tools/xr.sty
Package: xr 2020-05-10 v5.06 eXternal References (DPC)
) (/usr/local/texlive/2023/texmf-dist/tex/latex/hyperref/hyperref.sty
Package: hyperref 2023-07-08 v7.01b Hypertext links for LaTeX
 (/usr/local/texlive/2023/texmf-dist/tex/generic/kvdefinekeys/kvdefinekeys.sty
Package: kvdefinekeys 2019-12-19 v1.6 Define keys (HO)
) (/usr/local/texlive/2023/texmf-dist/tex/generic/pdfescape/pdfescape.sty
Package: pdfescape 2019/12/09 v1.15 Implements pdfTeX's escape features (HO)
) (/usr/local/texlive/2023/texmf-dist/tex/latex/hycolor/hycolor.sty
Package: hycolor 2020-01-27 v1.10 Color options for hyperref/bookmark (HO)
) (/usr/local/texlive/2023/texmf-dist/tex/latex/letltxmacro/letltxmacro.sty
Package: letltxmacro 2019/12/03 v1.6 Let assignment for LaTeX macros (HO)
) (/usr/local/texlive/2023/texmf-dist/tex/latex/auxhook/auxhook.sty
Package: auxhook 2019-12-17 v1.6 Hooks for auxiliary files (HO)
) (/usr/local/texlive/2023/texmf-dist/tex/latex/hyperref/nameref.sty
Package: nameref 2023-08-07 v2.53 Cross-referencing by name of section
 (/usr/local/texlive/2023/texmf-dist/tex/latex/refcount/refcount.sty
Package: refcount 2019/12/15 v3.6 Data extraction from label references (HO)
) (/usr/local/texlive/2023/texmf-dist/tex/generic/gettitlestring/gettitlestring.sty
Package: gettitlestring 2019/12/15 v1.6 Cleanup title references (HO)
)
\c@section@level=\count416
)
\@linkdim=\dimen181
\Hy@linkcounter=\count417
\Hy@pagecounter=\count418
 (/usr/local/texlive/2023/texmf-dist/tex/latex/hyperref/pd1enc.def
File: pd1enc.def 2023-07-08 v7.01b Hyperref: PDFDocEncoding definition (HO)
Now handling font encoding PD1 ...
... no UTF-8 mapping file for font encoding PD1
) (/usr/local/texlive/2023/texmf-dist/tex/generic/intcalc/intcalc.sty
Package: intcalc 2019/12/15 v1.3 Expandable calculations with integers (HO)
)
\Hy@SavedSpaceFactor=\count419
 (/usr/local/texlive/2023/texmf-dist/tex/latex/hyperref/puenc.def
File: puenc.def 2023-07-08 v7.01b Hyperref: PDF Unicode definition (HO)
Now handling font encoding PU ...
... no UTF-8 mapping file for font encoding PU
)
Package hyperref Info: Option `pdfpagelabels' set `true' on input line 4050.
Package hyperref Info: Hyper figures OFF on input line 4167.
Package hyperref Info: Link nesting OFF on input line 4172.
Package hyperref Info: Hyper index ON on input line 4175.
Package hyperref Info: Plain pages OFF on input line 4182.
Package hyperref Info: Backreferencing OFF on input line 4187.
Package hyperref Info: Implicit mode ON; LaTeX internals redefined.
Package hyperref Info: Bookmarks ON on input line 4434.
\c@Hy@tempcnt=\count420
LaTeX Info: Redefining \url on input line 4772.
\XeTeXLinkMargin=\dimen182
 (/usr/local/texlive/2023/texmf-dist/tex/generic/bitset/bitset.sty
Package: bitset 2019/12/09 v1.3 Handle bit-vector datatype (HO)
 (/usr/local/texlive/2023/texmf-dist/tex/generic/bigintcalc/bigintcalc.sty
Package: bigintcalc 2019/12/15 v1.5 Expandable calculations on big integers (HO)
))
\Fld@menulength=\count421
\Field@Width=\dimen183
\Fld@charsize=\dimen184
Package hyperref Info: Hyper figures OFF on input line 6051.
Package hyperref Info: Link nesting OFF on input line 6056.
Package hyperref Info: Hyper index ON on input line 6059.
Package hyperref Info: backreferencing OFF on input line 6066.
Package hyperref Info: Link coloring OFF on input line 6071.
Package hyperref Info: Link coloring with OCG OFF on input line 6076.
Package hyperref Info: PDF/A mode OFF on input line 6081.
 (/usr/local/texlive/2023/texmf-dist/tex/latex/base/atbegshi-ltx.sty
Package: atbegshi-ltx 2021/01/10 v1.0c Emulation of the original atbegshi
package with kernel methods
)
\Hy@abspage=\count422
\c@Item=\count423
\c@Hfootnote=\count424
)
Package hyperref Info: Driver (autodetected): hpdftex.
 (/usr/local/texlive/2023/texmf-dist/tex/latex/hyperref/hpdftex.def
File: hpdftex.def 2023-07-08 v7.01b Hyperref driver for pdfTeX
 (/usr/local/texlive/2023/texmf-dist/tex/latex/base/atveryend-ltx.sty
Package: atveryend-ltx 2020/08/19 v1.0a Emulation of the original atveryend package
with kernel methods
)
\Fld@listcount=\count425
\c@bookmark@seq@number=\count426
 (/usr/local/texlive/2023/texmf-dist/tex/latex/rerunfilecheck/rerunfilecheck.sty
Package: rerunfilecheck 2022-07-10 v1.10 Rerun checks for auxiliary files (HO)
 (/usr/local/texlive/2023/texmf-dist/tex/generic/uniquecounter/uniquecounter.sty
Package: uniquecounter 2019/12/15 v1.4 Provide unlimited unique counter (HO)
)
Package uniquecounter Info: New unique counter `rerunfilecheck' on input line 285.
)
\Hy@SectionHShift=\skip97
) (/usr/local/texlive/2023/texmf-dist/tex/latex/xcolor/xcolor.sty
Package: xcolor 2022/06/12 v2.14 LaTeX color extensions (UK)
 (/usr/local/texlive/2023/texmf-dist/tex/latex/graphics-cfg/color.cfg
File: color.cfg 2016/01/02 v1.6 sample color configuration
)
Package xcolor Info: Driver file: pdftex.def on input line 227.
 (/usr/local/texlive/2023/texmf-dist/tex/latex/graphics/mathcolor.ltx)
Package xcolor Info: Model `cmy' substituted by `cmy0' on input line 1353.
Package xcolor Info: Model `hsb' substituted by `rgb' on input line 1357.
Package xcolor Info: Model `RGB' extended on input line 1369.
Package xcolor Info: Model `HTML' substituted by `rgb' on input line 1371.
Package xcolor Info: Model `Hsb' substituted by `hsb' on input line 1372.
Package xcolor Info: Model `tHsb' substituted by `hsb' on input line 1373.
Package xcolor Info: Model `HSB' substituted by `hsb' on input line 1374.
Package xcolor Info: Model `Gray' substituted by `gray' on input line 1375.
Package xcolor Info: Model `wave' substituted by `hsb' on input line 1376.
)
Package hyperref Info: Option `colorlinks' set `true' on input line 163.
 (/usr/local/texlive/2023/texmf-dist/tex/latex/tools/bm.sty
Package: bm 2022/01/05 v1.2f Bold Symbol Support (DPC/FMi)
\symboldoperators=\mathgroup5
\symboldletters=\mathgroup6
\symboldsymbols=\mathgroup7
Package bm Info: No bold for \OMX/zplm/m/n, using \pmb.
\symboldupright=\mathgroup8
LaTeX Font Info:    Redeclaring math alphabet \mathbf on input line 149.
) (/usr/local/texlive/2023/texmf-dist/tex/latex/amsmath/amsmath.sty
Package: amsmath 2023/05/13 v2.17o AMS math features
\@mathmargin=\skip98

For additional information on amsmath, use the `?' option.
(/usr/local/texlive/2023/texmf-dist/tex/latex/amsmath/amstext.sty
Package: amstext 2021/08/26 v2.01 AMS text
 (/usr/local/texlive/2023/texmf-dist/tex/latex/amsmath/amsgen.sty
File: amsgen.sty 1999/11/30 v2.0 generic functions
\@emptytoks=\toks24
\ex@=\dimen185
)) (/usr/local/texlive/2023/texmf-dist/tex/latex/amsmath/amsbsy.sty
Package: amsbsy 1999/11/29 v1.2d Bold Symbols
LaTeX Info: Redefining \boldsymbol on input line 28.
\pmbraise@=\dimen186
) (/usr/local/texlive/2023/texmf-dist/tex/latex/amsmath/amsopn.sty
Package: amsopn 2022/04/08 v2.04 operator names
)
\inf@bad=\count427
LaTeX Info: Redefining \frac on input line 234.
\uproot@=\count428
\leftroot@=\count429
LaTeX Info: Redefining \overline on input line 399.
LaTeX Info: Redefining \colon on input line 410.
\classnum@=\count430
\DOTSCASE@=\count431
LaTeX Info: Redefining \ldots on input line 496.
LaTeX Info: Redefining \dots on input line 499.
LaTeX Info: Redefining \cdots on input line 620.
\Mathstrutbox@=\box55
\strutbox@=\box56
LaTeX Info: Redefining \big on input line 722.
LaTeX Info: Redefining \Big on input line 723.
LaTeX Info: Redefining \bigg on input line 724.
LaTeX Info: Redefining \Bigg on input line 725.
\big@size=\dimen187
LaTeX Font Info:    Redeclaring font encoding OML on input line 743.
LaTeX Font Info:    Redeclaring font encoding OMS on input line 744.
\macc@depth=\count432
LaTeX Info: Redefining \bmod on input line 905.
LaTeX Info: Redefining \pmod on input line 910.
LaTeX Info: Redefining \smash on input line 940.
LaTeX Info: Redefining \relbar on input line 970.
LaTeX Info: Redefining \Relbar on input line 971.
\c@MaxMatrixCols=\count433
\dotsspace@=\muskip21
\c@parentequation=\count434
\dspbrk@lvl=\count435
\tag@help=\toks25
\row@=\count436
\column@=\count437
\maxfields@=\count438
\andhelp@=\toks26
\eqnshift@=\dimen188
\alignsep@=\dimen189
\tagshift@=\dimen190
\tagwidth@=\dimen191
\totwidth@=\dimen192
\lineht@=\dimen193
\@envbody=\toks27
\multlinegap=\skip99
\multlinetaggap=\skip100
\mathdisplay@stack=\toks28
LaTeX Info: Redefining \[ on input line 2953.
LaTeX Info: Redefining \] on input line 2954.
) (/usr/local/texlive/2023/texmf-dist/tex/latex/mathtools/mathtools.sty
Package: mathtools 2022/06/29 v1.29 mathematical typesetting tools
 (/usr/local/texlive/2023/texmf-dist/tex/latex/tools/calc.sty
Package: calc 2017/05/25 v4.3 Infix arithmetic (KKT,FJ)
\calc@Acount=\count439
\calc@Bcount=\count440
\calc@Adimen=\dimen194
\calc@Bdimen=\dimen195
\calc@Askip=\skip101
\calc@Bskip=\skip102
LaTeX Info: Redefining \setlength on input line 80.
LaTeX Info: Redefining \addtolength on input line 81.
\calc@Ccount=\count441
\calc@Cskip=\skip103
) (/usr/local/texlive/2023/texmf-dist/tex/latex/mathtools/mhsetup.sty
Package: mhsetup 2021/03/18 v1.4 programming setup (MH)
)
\g_MT_multlinerow_int=\count442
\l_MT_multwidth_dim=\dimen196
\origjot=\skip104
\l_MT_shortvdotswithinadjustabove_dim=\dimen197
\l_MT_shortvdotswithinadjustbelow_dim=\dimen198
\l_MT_above_intertext_sep=\dimen199
\l_MT_below_intertext_sep=\dimen256
\l_MT_above_shortintertext_sep=\dimen257
\l_MT_below_shortintertext_sep=\dimen258
\xmathstrut@box=\box57
\xmathstrut@dim=\dimen259
) (/usr/local/texlive/2023/texmf-dist/tex/latex/amsfonts/amssymb.sty
Package: amssymb 2013/01/14 v3.01 AMS font symbols
 (/usr/local/texlive/2023/texmf-dist/tex/latex/amsfonts/amsfonts.sty
Package: amsfonts 2013/01/14 v3.01 Basic AMSFonts support
\symAMSa=\mathgroup9
\symAMSb=\mathgroup10
LaTeX Font Info:    Redeclaring math symbol \hbar on input line 98.
LaTeX Font Info:    Overwriting math alphabet `\mathfrak' in version `bold'
(Font)                  U/euf/m/n --> U/euf/b/n on input line 106.
)) (/usr/local/texlive/2023/texmf-dist/tex/latex/amscls/amsthm.sty
Package: amsthm 2020/05/29 v2.20.6
\thm@style=\toks29
\thm@bodyfont=\toks30
\thm@headfont=\toks31
\thm@notefont=\toks32
\thm@headpunct=\toks33
\thm@preskip=\skip105
\thm@postskip=\skip106
\thm@headsep=\skip107
\dth@everypar=\toks34
) (/usr/local/texlive/2023/texmf-dist/tex/latex/base/textcomp.sty
Package: textcomp 2020/02/02 v2.0n Standard LaTeX package
) (/usr/local/texlive/2023/texmf-dist/tex/latex/gensymb/gensymb.sty
Package: gensymb 2022/10/17 v1.0.2 (KJH)
) (/usr/local/texlive/2023/texmf-dist/tex/latex/float/float.sty
Package: float 2001/11/08 v1.3d Float enhancements (AL)
\c@float@type=\count443
\float@exts=\toks35
\float@box=\box58
\@float@everytoks=\toks36
\@floatcapt=\box59
) (/usr/local/texlive/2023/texmf-dist/tex/latex/siunitx/siunitx.sty
Package: siunitx 2023-06-12 v3.2.6 A comprehensive (SI) units package
\l__siunitx_angle_tmp_dim=\dimen260
\l__siunitx_angle_marker_box=\box60
\l__siunitx_angle_unit_box=\box61
\l__siunitx_compound_count_int=\count444
 (/usr/local/texlive/2023/texmf-dist/tex/latex/translations/translations.sty
Package: translations 2022/02/05 v1.12 internationalization of LaTeX2e packages (CN)
)
\l__siunitx_number_exponent_fixed_int=\count445
\l__siunitx_number_min_decimal_int=\count446
\l__siunitx_number_min_integer_int=\count447
\l__siunitx_number_round_precision_int=\count448
\l__siunitx_number_lower_threshold_int=\count449
\l__siunitx_number_upper_threshold_int=\count450
\l__siunitx_number_group_first_int=\count451
\l__siunitx_number_group_size_int=\count452
\l__siunitx_number_group_minimum_int=\count453
\l__siunitx_table_tmp_box=\box62
\l__siunitx_table_tmp_dim=\dimen261
\l__siunitx_table_column_width_dim=\dimen262
\l__siunitx_table_integer_box=\box63
\l__siunitx_table_decimal_box=\box64
\l__siunitx_table_uncert_box=\box65
\l__siunitx_table_before_box=\box66
\l__siunitx_table_after_box=\box67
\l__siunitx_table_before_dim=\dimen263
\l__siunitx_table_carry_dim=\dimen264
\l__siunitx_unit_tmp_int=\count454
\l__siunitx_unit_position_int=\count455
\l__siunitx_unit_total_int=\count456
 (/usr/local/texlive/2023/texmf-dist/tex/latex/tools/array.sty
Package: array 2022/09/04 v2.5g Tabular extension package (FMi)
\col@sep=\dimen265
\ar@mcellbox=\box68
\extrarowheight=\dimen266
\NC@list=\toks37
\extratabsurround=\skip108
\backup@length=\skip109
\ar@cellbox=\box69
))) (/usr/local/texlive/2023/texmf-dist/tex/latex/algorithmicx/algpseudocode.sty
Package: algpseudocode 
 (/usr/local/texlive/2023/texmf-dist/tex/latex/algorithmicx/algorithmicx.sty
Package: algorithmicx 2005/04/27 v1.2 Algorithmicx

Document Style algorithmicx 1.2 - a greatly improved `algorithmic' style
\c@ALG@line=\count457
\c@ALG@rem=\count458
\c@ALG@nested=\count459
\ALG@tlm=\skip110
\ALG@thistlm=\skip111
\c@ALG@Lnr=\count460
\c@ALG@blocknr=\count461
\c@ALG@storecount=\count462
\c@ALG@tmpcounter=\count463
\ALG@tmplength=\skip112
)
Document Style - pseudocode environments for use with the `algorithmicx' style
)
Package csquotes Info: Checking for multilingual support...
Package csquotes Info: ... found 'babel' package.
Package csquotes Info: Adjusting default style.
Package csquotes Info: Redefining alias 'default' -> 'english'.
LaTeX Font Info:    Trying to load font information for T1+ppl on input line 44.
 (/usr/local/texlive/2023/texmf-dist/tex/latex/psnfss/t1ppl.fd
File: t1ppl.fd 2001/06/04 font definitions for T1/ppl.
)

LaTeX Warning: Unused global option(s):
    [justified].

(./main.aux

LaTeX Warning: Label `fig:tok_compare' multiply defined.

)
\openout1 = `main.aux'.

LaTeX Font Info:    Checking defaults for OML/cmm/m/it on input line 44.
LaTeX Font Info:    ... okay on input line 44.
LaTeX Font Info:    Checking defaults for OMS/cmsy/m/n on input line 44.
LaTeX Font Info:    ... okay on input line 44.
LaTeX Font Info:    Checking defaults for OT1/cmr/m/n on input line 44.
LaTeX Font Info:    ... okay on input line 44.
LaTeX Font Info:    Checking defaults for T1/cmr/m/n on input line 44.
LaTeX Font Info:    ... okay on input line 44.
LaTeX Font Info:    Checking defaults for TS1/cmr/m/n on input line 44.
LaTeX Font Info:    ... okay on input line 44.
LaTeX Font Info:    Checking defaults for OMX/cmex/m/n on input line 44.
LaTeX Font Info:    ... okay on input line 44.
LaTeX Font Info:    Checking defaults for U/cmr/m/n on input line 44.
LaTeX Font Info:    ... okay on input line 44.
LaTeX Font Info:    Checking defaults for PD1/pdf/m/n on input line 44.
LaTeX Font Info:    ... okay on input line 44.
LaTeX Font Info:    Checking defaults for PU/pdf/m/n on input line 44.
LaTeX Font Info:    ... okay on input line 44.

*geometry* driver: auto-detecting
*geometry* detected driver: pdftex
*geometry* verbose mode - [ preamble ] result:
* driver: pdftex
* paper: a4paper
* layout: <same size as paper>
* layoutoffset:(h,v)=(0.0pt,0.0pt)
* modes: twoside 
* h-part:(L,W,R)=(71.13188pt, 455.24411pt, 71.13188pt)
* v-part:(T,H,B)=(71.13188pt, 702.78308pt, 71.13188pt)
* \paperwidth=597.50787pt
* \paperheight=845.04684pt
* \textwidth=455.24411pt
* \textheight=702.78308pt
* \oddsidemargin=-1.1381pt
* \evensidemargin=-1.1381pt
* \topmargin=-33.0119pt
* \headheight=15.0pt
* \headsep=19.8738pt
* \topskip=11.0pt
* \footskip=27.46295pt
* \marginparwidth=106.0pt
* \marginparsep=7.0pt
* \columnsep=10.0pt
* \skip\footins=22.76219pt
* \hoffset=0.0pt
* \voffset=0.0pt
* \mag=1000
* \@twocolumnfalse
* \@twosidetrue
* \@mparswitchtrue
* \@reversemarginfalse
* (1in=72.27pt=25.4mm, 1cm=28.453pt)

Package ragged2e Info: ABD: executing \RaggedRight on input line 44.
(/usr/local/texlive/2023/texmf-dist/tex/context/base/mkii/supp-pdf.mkii
[Loading MPS to PDF converter (version 2006.09.02).]
\scratchcounter=\count464
\scratchdimen=\dimen267
\scratchbox=\box70
\nofMPsegments=\count465
\nofMParguments=\count466
\everyMPshowfont=\toks38
\MPscratchCnt=\count467
\MPscratchDim=\dimen268
\MPnumerator=\count468
\makeMPintoPDFobject=\count469
\everyMPtoPDFconversion=\toks39
) (/usr/local/texlive/2023/texmf-dist/tex/latex/epstopdf-pkg/epstopdf-base.sty
Package: epstopdf-base 2020-01-24 v2.11 Base part for package epstopdf
Package epstopdf-base Info: Redefining graphics rule for `.eps' on input line 485.
 (/usr/local/texlive/2023/texmf-dist/tex/latex/latexconfig/epstopdf-sys.cfg
File: epstopdf-sys.cfg 2010/07/13 v1.3 Configuration of (r)epstopdf for TeX Live
))
Package biblatex Info: Trying to load language 'english'...
Package biblatex Info: ... file 'english.lbx' found.
 (/usr/local/texlive/2023/texmf-dist/tex/latex/biblatex/lbx/english.lbx
File: english.lbx 2023/03/05 v3.19 biblatex localization (PK/MW)
)
Package biblatex Info: Input encoding 'utf8' detected.
Package biblatex Info: Automatic encoding selection.
(biblatex)             Assuming data encoding 'utf8'.
\openout3 = `main.bcf'.

Package biblatex Info: Trying to load bibliographic data...
Package biblatex Info: ... file 'main.bbl' not found.

No file main.bbl.
Package biblatex Info: Reference section=0 on input line 44.
Package biblatex Info: Reference segment=0 on input line 44.
Package caption Info: Begin \AtBeginDocument code.
Package caption Info: float package is loaded.
Package caption Info: hyperref package is loaded.
Package caption Info: End \AtBeginDocument code.
Package hyperref Info: Link coloring ON on input line 44.
(./main.out) (./main.out)
\@outlinefile=\write4
\openout4 = `main.out'.

\symgns@font=\mathgroup11
LaTeX Font Info:    Overwriting symbol font `gns@font' in version `bold'
(Font)                  TS1/ppl/m/n --> TS1/ppl/b/n on input line 44.
Package gensymb Info: Math companion symbols declared on input line 44.
LaTeX Info: Redefining \degree on input line 44.
LaTeX Info: Redefining \celsius on input line 44.
Package gensymb Info: Using text companion symbols for \degree, \celsius and \perthousand on input line 44.
LaTeX Info: Redefining \ohm on input line 44.
Package gensymb Info: Using \textohm for \ohm on input line 44.
Package gensymb Info: Using \textmu for \micro on input line 44.
 (/usr/local/texlive/2023/texmf-dist/tex/latex/translations/translations-basic-dictionary-english.trsl
File: translations-basic-dictionary-english.trsl (english translation file `translations-basic-dictionary')
)
Package translations Info: loading dictionary `translations-basic-dictionary' for `english'. on input line 44.
 (./frontpage.tex
*geometry* verbose mode - [ newgeometry ] result:
* driver: pdftex
* paper: a4paper
* layout: <same size as paper>
* layoutoffset:(h,v)=(0.0pt,0.0pt)
* modes: twoside 
* h-part:(L,W,R)=(71.13188pt, 455.24411pt, 71.13188pt)
* v-part:(T,H,B)=(71.13188pt, 702.78308pt, 71.13188pt)
* \paperwidth=597.50787pt
* \paperheight=845.04684pt
* \textwidth=455.24411pt
* \textheight=702.78308pt
* \oddsidemargin=-1.1381pt
* \evensidemargin=-1.1381pt
* \topmargin=-36.0119pt
* \headheight=15.0pt
* \headsep=19.8738pt
* \topskip=11.0pt
* \footskip=27.46295pt
* \marginparwidth=106.0pt
* \marginparsep=7.0pt
* \columnsep=10.0pt
* \skip\footins=22.76219pt
* \hoffset=0.0pt
* \voffset=0.0pt
* \mag=1000
* \@twocolumnfalse
* \@twosidetrue
* \@mparswitchtrue
* \@reversemarginfalse
* (1in=72.27pt=25.4mm, 1cm=28.453pt)


Overfull \hbox (2.73749pt too wide) in paragraph at lines 36--54
[]  []  
 []

[1



{/usr/local/texlive/2023/texmf-var/fonts/map/pdftex/updmap/pdftex.map}{/usr/local/texlive/2023/texmf-dist/fonts/enc/dvips/base/8r.enc}]) (./abstract.tex
pdfTeX warning (ext4): destination with the same identifier (name{page.1}) has been already used, duplicate ignored
<to be read again> 
                   \relax 
l.13 \end{abstract}
                    [1


]) (./main.toc
LaTeX Font Info:    Trying to load font information for OT1+ppl on input line 4.
 (/usr/local/texlive/2023/texmf-dist/tex/latex/psnfss/ot1ppl.fd
File: ot1ppl.fd 2001/06/04 font definitions for OT1/ppl.
)
LaTeX Font Info:    Trying to load font information for OML+zplm on input line 4.
 (/usr/local/texlive/2023/texmf-dist/tex/latex/psnfss/omlzplm.fd
File: omlzplm.fd 2002/09/08 Fontinst v1.914 font definitions for OML/zplm.
)
LaTeX Font Info:    Trying to load font information for OMS+zplm on input line 4.
 (/usr/local/texlive/2023/texmf-dist/tex/latex/psnfss/omszplm.fd
File: omszplm.fd 2002/09/08 Fontinst v1.914 font definitions for OMS/zplm.
)
LaTeX Font Info:    Trying to load font information for OMX+zplm on input line 4.
 (/usr/local/texlive/2023/texmf-dist/tex/latex/psnfss/omxzplm.fd
File: omxzplm.fd 2002/09/08 Fontinst v1.914 font definitions for OMX/zplm.
)
LaTeX Font Info:    Trying to load font information for OT1+zplm on input line 4.
 (/usr/local/texlive/2023/texmf-dist/tex/latex/psnfss/ot1zplm.fd
File: ot1zplm.fd 2002/09/08 Fontinst v1.914 font definitions for OT1/zplm.
)
LaTeX Font Info:    Font shape `U/msa/m/n' will be
(Font)              scaled to size 11.40997pt on input line 4.
LaTeX Font Info:    Font shape `U/msa/m/n' will be
(Font)              scaled to size 8.33606pt on input line 4.
LaTeX Font Info:    Font shape `U/msa/m/n' will be
(Font)              scaled to size 6.25204pt on input line 4.
LaTeX Font Info:    Font shape `U/msb/m/n' will be
(Font)              scaled to size 11.40997pt on input line 4.
LaTeX Font Info:    Font shape `U/msb/m/n' will be
(Font)              scaled to size 8.33606pt on input line 4.
LaTeX Font Info:    Font shape `U/msb/m/n' will be
(Font)              scaled to size 6.25204pt on input line 4.
LaTeX Font Info:    Trying to load font information for TS1+ppl on input line 4.
 (/usr/local/texlive/2023/texmf-dist/tex/latex/psnfss/ts1ppl.fd
File: ts1ppl.fd 2001/06/04 font definitions for TS1/ppl.
))
\tf@toc=\write5
\openout5 = `main.toc'.

 [2

] (./BODY/1_introduction.tex
Chapter 1.

LaTeX Warning: Citation 'Rogers_Weber_2019' on page 3 undefined on input line 10.


LaTeX Warning: Citation 'Chalkiadakis_2022' on page 3 undefined on input line 10.

LaTeX Font Info:    Font shape `U/msa/m/n' will be
(Font)              scaled to size 9.37807pt on input line 10.
LaTeX Font Info:    Font shape `U/msa/m/n' will be
(Font)              scaled to size 7.29405pt on input line 10.
LaTeX Font Info:    Font shape `U/msa/m/n' will be
(Font)              scaled to size 5.21004pt on input line 10.
LaTeX Font Info:    Font shape `U/msb/m/n' will be
(Font)              scaled to size 9.37807pt on input line 10.
LaTeX Font Info:    Font shape `U/msb/m/n' will be
(Font)              scaled to size 7.29405pt on input line 10.
LaTeX Font Info:    Font shape `U/msb/m/n' will be
(Font)              scaled to size 5.21004pt on input line 10.

LaTeX Warning: Citation 'copet2023simple' on page 3 undefined on input line 12.


LaTeX Warning: Citation 'Agostinelli_Denk_Borsos_Engel_Verzetti_Caillon_Huang_Jansen_Roberts_Tagliasacchi_et_al._2023' on page 3 undefined on input line 13.


LaTeX Warning: Citation 'Ferdinand_Meyen_2024' on page 3 undefined on input line 13.


LaTeX Warning: Citation 'Stassen_2024' on page 3 undefined on input line 13.


Overfull \hbox (427.54736pt too wide) in paragraph at lines 12--14
\T1/ppl/m/n/10.95 da-tion mod-els such as Meta's MusicGen[] or Google's Mu-si-cLM [].
 []


LaTeX Warning: Citation 'Chalkiadakis_2022' on page 3 undefined on input line 16.


Underfull \hbox (badness 10000) in paragraph at lines 15--19

 []


Underfull \hbox (badness 10000) in paragraph at lines 15--19

 []


Underfull \vbox (badness 10000) has occurred while \output is active []

 [3


]) (./BODY/2_literature.tex [4]
Chapter 2.

Overfull \hbox (0.51007pt too wide) in paragraph at lines 9--10
\T1/ppl/m/n/10.95 The fol-low-ing sec-tion con-tains an ex-ten-sive (though not ex-haus-tive) cat-e-gor-i-cal lit-er-a-ture study.
 []


LaTeX Warning: Citation 'Nierhaus_2009' on page 5 undefined on input line 13.


LaTeX Warning: Citation 'Cope_1989' on page 5 undefined on input line 13.


LaTeX Warning: Citation 'Suno_AI' on page 5 undefined on input line 13.


LaTeX Warning: Citation 'Hadjeres_Pachet_Nielsen_2017' on page 5 undefined on input line 13.


LaTeX Warning: Citation 'Malandro_2023' on page 5 undefined on input line 13.


LaTeX Warning: Citation 'Pachet_2003' on page 5 undefined on input line 13.


LaTeX Warning: Citation 'Kite-Powell_2023' on page 5 undefined on input line 13.


Overfull \hbox (64.8539pt too wide) in paragraph at lines 13--14
\T1/ppl/m/n/10.95 high-light mu-sic gen-er-a-tion as a pro-cess that as-sists com-posers. In DeepBach[],
 []

[5

]

LaTeX Warning: Citation 'Plut_Pasquier_2020' on page 6 undefined on input line 18.


LaTeX Warning: Citation 'Worrall_Collins_2024' on page 6 undefined on input line 18.


LaTeX Warning: Citation 'Rogers_Weber_2019' on page 6 undefined on input line 18.


LaTeX Warning: Citation 'Plut_Pasquier_2020' on page 6 undefined on input line 20.


LaTeX Warning: Citation 'Worrall_Collins_2024' on page 6 undefined on input line 20.


LaTeX Warning: Citation 'Djaouti2011' on page 6 undefined on input line 23.


LaTeX Warning: Citation 'musicwellbeing_agres_2021' on page 6 undefined on input line 23.


LaTeX Warning: Citation 'Park_Kim_2021' on page 6 undefined on input line 23.


LaTeX Warning: Citation 'Martin-Moratinos_Bella-Fernández_Blasco-Fontecilla_2023' on page 6 undefined on input line 23.


LaTeX Warning: Citation 'Pasiali_LaGasse_Penn_2014' on page 6 undefined on input line 23.


LaTeX Warning: Citation 'van_Alphen_Stams_Hakvoort_2019' on page 6 undefined on input line 23.


LaTeX Warning: Citation 'Chalkiadakis_2022' on page 6 undefined on input line 23.


LaTeX Warning: Citation 'Schlette_2022' on page 6 undefined on input line 23.


Overfull \hbox (220.22223pt too wide) in paragraph at lines 23--24
\T1/ppl/m/n/10.95 has been shown to help in-di-vid-u-als with Parkinson's[], ADHD[],
 []


Overfull \hbox (10.42305pt too wide) in paragraph at lines 23--24
\T1/ppl/m/n/10.95 autism[], and psychosis[] im-prove
 []

[6]

LaTeX Warning: Citation 'Stassen_2024' on page 7 undefined on input line 30.


LaTeX Warning: Citation 'Tencer_2024' on page 7 undefined on input line 30.


LaTeX Warning: Citation 'Kaba_River_Perry_2024' on page 7 undefined on input line 30.


LaTeX Warning: Citation 'Duan_Suri_Mireshghallah_Min_Shi_Zettlemoyer_Tsvetkov_Choi_Evans_Hajishirzi_2024' on page 7 undefined on input line 30.


LaTeX Warning: Citation 'Carlini_Hayes_Nasr_Jagielski_Sehwag_Tramèr_Balle_Ippolito_Wallace_2023' on page 7 undefined on input line 30.


LaTeX Warning: Citation 'Newton-Rex_2024' on page 7 undefined on input line 30.


Overfull \hbox (182.19365pt too wide) in paragraph at lines 30--31
\T1/ppl/m/n/10.95 through mem-ber-ship in-fer-ence at-tacks [].
 []


Overfull \hbox (22.92729pt too wide) in paragraph at lines 30--31
\T1/ppl/m/n/10.95 image-generators []
 []


LaTeX Warning: Citation 'Reed_2024' on page 7 undefined on input line 33.


LaTeX Warning: Citation 'copyrightlaw' on page 7 undefined on input line 33.


LaTeX Warning: Citation 'Newton-Rex_2024' on page 7 undefined on input line 33.

[7]

LaTeX Warning: Citation 'Singh_2024' on page 8 undefined on input line 36.


LaTeX Warning: Citation 'Stassen_2023' on page 8 undefined on input line 36.


LaTeX Warning: Citation 'Marechal_2024' on page 8 undefined on input line 39.


LaTeX Warning: Citation 'Kaplan_McCandlish_Henighan_Brown_Chess_Child_Gray_Radford_Wu_Amodei_2020' on page 8 undefined on input line 39.


LaTeX Warning: Citation 'Holzapfel_Kaila_Jääskeläinen_2024' on page 8 undefined on input line 39.


Overfull \hbox (216.44516pt too wide) in paragraph at lines 39--40
\T1/ppl/m/n/10.95 model size, train-ing data, and com-pu-ta-tion time.[]
 []


Underfull \vbox (badness 3386) has occurred while \output is active []

 [8]

LaTeX Warning: Citation 'France-Presse_2016' on page 9 undefined on input line 48.


LaTeX Warning: Citation 'Hiller_Isaacson_1959' on page 9 undefined on input line 48.


LaTeX Warning: Citation 'Hiller_Isaacson_1959' on page 9 undefined on input line 48.


LaTeX Warning: Citation 'Ebcioğlu_1994' on page 9 undefined on input line 48.


LaTeX Warning: Citation 'Polito_Daida_Bersano-Begey_1997' on page 9 undefined on input line 48.


LaTeX Warning: Citation 'Todd_1989' on page 9 undefined on input line 48.


LaTeX Warning: Citation 'Mozer_1994' on page 9 undefined on input line 48.


LaTeX Warning: Citation 'coconet' on page 9 undefined on input line 48.


LaTeX Warning: Citation 'Xenakis_1992' on page 9 undefined on input line 48.


LaTeX Warning: Citation 'Cope_1989' on page 9 undefined on input line 48.


LaTeX Warning: Citation 'Featherstone_2017' on page 9 undefined on input line 49.


LaTeX Warning: Citation 'midinet' on page 9 undefined on input line 49.


LaTeX Warning: Citation 'Hadjeres_Pachet_Nielsen_2017' on page 9 undefined on input line 49.


LaTeX Warning: Citation 'Sturm_Ben-Tal_2016' on page 9 undefined on input line 49.


LaTeX Warning: Citation 'Vaswani_Shazeer_Parmar_Uszkoreit_Jones_Gomez_Kaiser_Polosukhin_2017' on page 9 undefined on input line 49.


LaTeX Warning: Citation 'Dhariwal_Jun_Payne_Kim_Radford_Sutskever_2020' on page 9 undefined on input line 49.


LaTeX Warning: Citation 'Christine_2019' on page 9 undefined on input line 49.


LaTeX Warning: Citation 'copet2023simple' on page 9 undefined on input line 49.


LaTeX Warning: Citation 'Agostinelli_Denk_Borsos_Engel_Verzetti_Caillon_Huang_Jansen_Roberts_Tagliasacchi_et_al._2023' on page 9 undefined on input line 49.


LaTeX Warning: Citation 'Stassen_2024' on page 9 undefined on input line 49.


Overfull \hbox (34.9829pt too wide) in paragraph at lines 48--50
[][] \T1/ppl/m/n/10.95 to evo-lu-tion-ary al-go-rithms []
 []


Overfull \hbox (2.07808pt too wide) in paragraph at lines 48--50
\T1/ppl/m/n/10.95 to feed-forward [], re-cur-sive [], and con-vo-lu-tional neu-ral net-works [].
 []


Overfull \hbox (15.17393pt too wide) in paragraph at lines 48--50
\T1/ppl/m/n/10.95 Net-works (RNN) to mu-sic in-clud-ing MIDInet [], Deep-Bach []
 []


Overfull \hbox (118.7831pt too wide) in paragraph at lines 48--50
[] \T1/ppl/m/n/10.95 and Musenet[], Meta's MusicGen[]
 []


Overfull \hbox (156.60333pt too wide) in paragraph at lines 48--50
\T1/ppl/m/n/10.95 and Google's Mu-si-cLM []
 []

[9]

LaTeX Warning: Citation 'Yin_Reuben_Stepney_Collins_2023' on page 10 undefined on input line 54.


LaTeX Warning: Citation 'Collins_Laney_2017' on page 10 undefined on input line 54.


LaTeX Warning: Citation 'Huang_Vaswani_Uszkoreit_Shazeer_Simon_Hawthorne_Dai_Hoffman_Dinculescu_Eck_2018' on page 10 undefined on input line 54.


LaTeX Warning: Citation 'Huang_Vaswani_Uszkoreit_Shazeer_Simon_Hawthorne_Dai_Hoffman_Dinculescu_Eck_2018' on page 10 undefined on input line 54.


Overfull \hbox (390.08957pt too wide) in paragraph at lines 54--55
\T1/ppl/m/n/10.95 Markov []  and a deep learn-ing sys-tem  - Mu-sic-Trans-former []
 []


Overfull \hbox (94.65039pt too wide) in paragraph at lines 54--55
\T1/ppl/m/n/10.95 mu-sic from 2018 []
 []


LaTeX Warning: Citation 'Mirelman_2013' on page 10 undefined on input line 57.


LaTeX Warning: Citation 'Fux_1725' on page 10 undefined on input line 57.


LaTeX Warning: Citation 'Fux_1725' on page 10 undefined on input line 57.


LaTeX Warning: Citation 'Ebcioğlu_1994' on page 10 undefined on input line 57.

[10]
<IMAGES/IlliacRuleBased.jpg, id=180, 423.5825pt x 476.78125pt>
File: IMAGES/IlliacRuleBased.jpg Graphic file (type jpg)
<use IMAGES/IlliacRuleBased.jpg>
Package pdftex.def Info: IMAGES/IlliacRuleBased.jpg  used on input line 61.
(pdftex.def)             Requested size: 227.62206pt x 256.20671pt.


LaTeX Warning: Citation 'Pinkerton_1956' on page 11 undefined on input line 67.


LaTeX Warning: Citation 'Collins_Laney_2017' on page 11 undefined on input line 68.


LaTeX Warning: Citation 'Hiller_Isaacson_1959' on page 11 undefined on input line 68.


LaTeX Warning: Citation 'Pachet_2003' on page 11 undefined on input line 69.


LaTeX Warning: Citation 'Allan_2002' on page 11 undefined on input line 69.

<IMAGES/PinkertonNurseryRhymes.jpg, id=181, 389.455pt x 351.3125pt>
File: IMAGES/PinkertonNurseryRhymes.jpg Graphic file (type jpg)
<use IMAGES/PinkertonNurseryRhymes.jpg>
Package pdftex.def Info: IMAGES/PinkertonNurseryRhymes.jpg  used on input line 73.
(pdftex.def)             Requested size: 227.62206pt x 205.32668pt.

Underfull \vbox (badness 4391) has occurred while \output is active []

 [11 <./IMAGES/IlliacRuleBased.jpg>]

LaTeX Warning: Citation 'Altay_Alatas_2018' on page 12 undefined on input line 77.


LaTeX Warning: Citation 'Herremans_Chew_Morpheus_2019' on page 12 undefined on input line 77.


LaTeX Warning: Citation 'Polito_Daida_Bersano-Begey_1997' on page 12 undefined on input line 77.


LaTeX Warning: Citation 'Todd_1989' on page 12 undefined on input line 82.


LaTeX Warning: Citation 'Mozer_1994' on page 12 undefined on input line 82.


LaTeX Warning: Citation 'Hild_Feulner_Menzel_1991' on page 12 undefined on input line 82.


LaTeX Warning: Citation 'Sturm_Ben-Tal_2016' on page 12 undefined on input line 82.


LaTeX Warning: Citation 'Civit_Civit-Masot_Cuadrado_Escalona_2022' on page 12 undefined on input line 82.


Overfull \hbox (193.78851pt too wide) in paragraph at lines 82--83
\T1/ppl/m/n/10.95 and Vari-a-tional Au-toen-coders (VAEs) re-main pop-u-lar ar-chi-tec-tures for mu-sic gen-er-a-tion. [] 
 []

[12 <./IMAGES/PinkertonNurseryRhymes.jpg>]

LaTeX Warning: Citation 'Vaswani_Shazeer_Parmar_Uszkoreit_Jones_Gomez_Kaiser_Polosukhin_2017' on page 13 undefined on input line 89.


LaTeX Warning: Citation 'Sutskever_Vinyals_Le_2014' on page 13 undefined on input line 89.


LaTeX Warning: Citation 'Devlin_Chang_Lee_ToutanovaBERT_2019' on page 13 undefined on input line 89.


LaTeX Warning: Citation 'Zeng_Tan_Wang_MUSICBERT_2021' on page 13 undefined on input line 89.


LaTeX Warning: Citation 'Radford_Wu_Child_Luan_gpt2_2019' on page 13 undefined on input line 90.


LaTeX Warning: Citation 'copet2023simple' on page 13 undefined on input line 90.


Overfull \hbox (16.88293pt too wide) in paragraph at lines 89--91
\T1/ppl/m/n/10.95 guage translation.[]
 []


Overfull \hbox (91.96567pt too wide) in paragraph at lines 89--91
\T1/ppl/m/n/10.95 They keep the self-attention mech-a-nism al-ready de-ployed in LSTMs for seq2seq tasks []
 []

<IMAGES/Transformer,_full_architecture.png, id=197, 803.0pt x 845.1575pt>
File: IMAGES/Transformer,_full_architecture.png Graphic file (type png)
<use IMAGES/Transformer,_full_architecture.png>
Package pdftex.def Info: IMAGES/Transformer,_full_architecture.png  used on input line 94.
(pdftex.def)             Requested size: 227.62206pt x 239.56989pt.
LaTeX Font Info:    Font shape `U/msa/m/n' will be
(Font)              scaled to size 10.42007pt on input line 96.
LaTeX Font Info:    Font shape `U/msa/m/n' will be
(Font)              scaled to size 7.91925pt on input line 96.
LaTeX Font Info:    Font shape `U/msb/m/n' will be
(Font)              scaled to size 10.42007pt on input line 96.
LaTeX Font Info:    Font shape `U/msb/m/n' will be
(Font)              scaled to size 7.91925pt on input line 96.

Underfull \vbox (badness 10000) has occurred while \output is active []

 [13]

LaTeX Warning: Citation 'Liu_Chen_Yuan_Mei_Liu_Mandic_Wang_Plumbley_2023' on page 14 undefined on input line 102.


LaTeX Warning: Citation 'Evans_Parker_Carr_Zukowski_Taylor_Pons_2024' on page 14 undefined on input line 102.


LaTeX Warning: Citation 'Min_Jiang_Xia_Zhao_polyffusion_2023' on page 14 undefined on input line 102.


Overfull \hbox (0.522pt too wide) in paragraph at lines 104--105
\T1/ppl/m/n/10.95 dously pop-u-lar and be-hind many state-of-the-art re-sults in mu-sic gen-er-a-tion. There is a tremen-
 []


Underfull \vbox (badness 10000) has occurred while \output is active []

 [14 <./IMAGES/Transformer,_full_architecture.png>]

LaTeX Warning: Citation 'Ji_Yang_Luo_survey_symbolic_2024' on page 15 undefined on input line 112.


LaTeX Warning: Citation 'Chen_Smith_Spijkervet_Wang_Zou_Li_Kong_Du_2024' on page 15 undefined on input line 112.


Overfull \hbox (282.5053pt too wide) in paragraph at lines 111--114
\T1/ppl/m/n/10.95 quality au-to-matic tran-scrip-tion re-mains an un-solved issue.[][]
 []


LaTeX Warning: Citation 'Dhariwal_Jun_Payne_Kim_Radford_Sutskever_2020' on page 15 undefined on input line 116.


LaTeX Warning: Citation 'Kingma_Welling_2014' on page 15 undefined on input line 116.


LaTeX Warning: Citation 'copet2023simple' on page 15 undefined on input line 116.


LaTeX Warning: Citation 'Défossez_2023_encodec' on page 15 undefined on input line 116.


Overfull \hbox (85.15471pt too wide) in paragraph at lines 116--117
\T1/ppl/m/n/10.95 dense au-dio while re-tain-ing its se-man-tic con-tent. Juke-box []
 []


LaTeX Warning: Citation 'Min_Jiang_Xia_Zhao_polyffusion_2023' on page 15 undefined on input line 119.


LaTeX Warning: Citation 'Zhu_Liu_Jiang_Zheng_texture_2024' on page 15 undefined on input line 119.


LaTeX Warning: Citation 'Fradet_Briot_Chhel_2021' on page 15 undefined on input line 119.


LaTeX Warning: Citation 'Huang_Yang_remi_pop_transformer_2020' on page 15 undefined on input line 119.


Overfull \hbox (73.93094pt too wide) in paragraph at lines 119--120
\T1/ppl/m/n/10.95 ent midi-events such as note-on, note-off, and ve-loc-ity. The REMI+ []
 []


Underfull \vbox (badness 10000) has occurred while \output is active []

 [15]

LaTeX Warning: Citation 'Ji_Yang_Luo_survey_symbolic_2024' on page 16 undefined on input line 121.


LaTeX Warning: Citation 'Ryu_Dong_nested_2024' on page 16 undefined on input line 121.


LaTeX Warning: Citation 'Dong_Chen_MMT_Kirkpatrick_2023' on page 16 undefined on input line 121.


LaTeX Warning: Citation 'compound_word_Hsiao_Liu_Yeh_Yang_2021' on page 16 undefined on input line 121.


Overfull \hbox (2.856pt too wide) in paragraph at lines 121--122
\T1/ppl/m/n/10.95 con-dense to-ken se-quences, such as com-pound words or nested tokens.[].
 []


Overfull \hbox (116.9965pt too wide) in paragraph at lines 121--122
\T1/ppl/m/n/10.95 beat, po-si-tion, pitch, du-ra-tion, in-stru-ment) into sin-gle to-kens. Hsiao et al.[]
 []


LaTeX Warning: Citation 'Sennrich_Haddow_Birch_BPE_2016' on page 16 undefined on input line 123.


LaTeX Warning: Citation 'Radford_Wu_Child_Luan_gpt2_2019' on page 16 undefined on input line 123.


LaTeX Warning: Citation 'Fradet_Gutowski_Chhel_Briot_2023' on page 16 undefined on input line 123.


Overfull \hbox (27.76105pt too wide) in paragraph at lines 123--124
[]\T1/ppl/m/n/10.95 This the-sis uses a third ap-proach: Byte Pair En-cod-ing (BPE) [].
 []


Overfull \hbox (96.87004pt too wide) in paragraph at lines 123--124
\T1/ppl/m/n/10.95 BPE is used widely in lan-guage mod-el-ing, in-clud-ing the GPT se-ries of models[]
 []


Overfull \hbox (31.92711pt too wide) in paragraph at lines 123--124
\T1/ppl/m/n/10.95 and has been suc-cess-fully ap-plied to sym-bolic mu-sic generation.[]
 []

<IMAGES/scatter_pre_post_tok.png, id=218, 440.847pt x 327.3831pt>
File: IMAGES/scatter_pre_post_tok.png Graphic file (type png)
<use IMAGES/scatter_pre_post_tok.png>
Package pdftex.def Info: IMAGES/scatter_pre_post_tok.png  used on input line 127.
(pdftex.def)             Requested size: 227.62206pt x 169.03629pt.

Underfull \vbox (badness 10000) has occurred while \output is active []

 [16]

Package caption Warning: \label without proper reference on input line 50.
See the caption package documentation for explanation.


LaTeX Warning: Reference `table:bigtable' on page 17 undefined on input line 134.


LaTeX Warning: Citation 'Herremans_Chew_Morpheus_2019' on page 17 undefined on input line 136.

(./BODY/2_technicallit.tex

LaTeX Warning: Citation 'Van_Kranenburg_Volk_Wiering_2013' on page 17 undefined on input line 3.


LaTeX Warning: Citation 'Blacking_1971' on page 17 undefined on input line 3.


LaTeX Warning: Citation 'McKay_2004' on page 17 undefined on input line 5.


LaTeX Warning: Citation 'Van_Kranenburg_Volk_Wiering_2013' on page 17 undefined on input line 5.


LaTeX Warning: Citation 'Van_Kranenburg_Volk_Wiering_2013' on page 17 undefined on input line 5.


Overfull \hbox (60.26534pt too wide) in paragraph at lines 5--6
\T1/ppl/m/n/10.95 genre if it's un-known, they can also sup-port mu-sic re-trieval sys-tems [].
 []

[17 <./IMAGES/scatter_pre_post_tok.png>]

LaTeX Warning: Citation 'Rouard_Adi_Copet_Roebel_Défossez_musicgenstyle_2024' on page 18 undefined on input line 7.


LaTeX Warning: Citation 'Lu_Xu_Kang_Yu_Xing_Tan_Bian_MuseCoco_2023' on page 18 undefined on input line 7.


LaTeX Warning: Citation 'Tan_Herremans_2020' on page 18 undefined on input line 7.


LaTeX Warning: Citation 'Lu_Xu_Kang_Yu_Xing_Tan_Bian_MuseCoco_2023' on page 18 undefined on input line 7.


LaTeX Warning: Citation 'Tan_Herremans_2020' on page 18 undefined on input line 7.


Overfull \hbox (67.39447pt too wide) in paragraph at lines 7--8
\T1/ppl/m/n/10.95 a-tion can take ab-stract con-cepts such as genre [],
 []


Overfull \hbox (211.93494pt too wide) in paragraph at lines 7--8
[] \T1/ppl/m/n/10.95 or emo-tion [] []
 []


LaTeX Warning: Citation 'Rütte_figaro_2023' on page 18 undefined on input line 9.


LaTeX Warning: Citation 'Lu_Xu_Kang_Yu_Xing_Tan_Bian_MuseCoco_2023' on page 18 undefined on input line 9.


LaTeX Warning: Citation 'Rütte_figaro_2023' on page 18 undefined on input line 9.


LaTeX Warning: Citation 'Huang_Yang_remi_pop_transformer_2020' on page 18 undefined on input line 9.


LaTeX Warning: Citation 'Rütte_figaro_2023' on page 18 undefined on input line 9.


LaTeX Warning: Citation 'Wu_Donahue_musicontrolnet_2023' on page 18 undefined on input line 9.


LaTeX Warning: Citation 'Lan_Hsiao_Cheng_Yang_musicongen_2024' on page 18 undefined on input line 9.


LaTeX Warning: Citation 'Min_Jiang_Xia_Zhao_polyffusion_2023' on page 18 undefined on input line 9.


LaTeX Warning: Citation 'copet2023simple' on page 18 undefined on input line 9.


LaTeX Warning: Citation 'Min_Jiang_Xia_Zhao_polyffusion_2023' on page 18 undefined on input line 9.


LaTeX Warning: Citation 'Min_Jiang_Xia_Zhao_polyffusion_2023' on page 18 undefined on input line 9.


Package caption Warning: \label without proper reference on input line 50.
See the caption package documentation for explanation.


LaTeX Warning: Reference `table:bigtable' on page 18 undefined on input line 10.


Overfull \hbox (149.17946pt too wide) in paragraph at lines 9--12
\T1/ppl/m/n/10.95 pen-dent, a piece may have one time-signature and tempo as is as-sumed in []
 []


Overfull \hbox (70.47128pt too wide) in paragraph at lines 9--12
\T1/ppl/m/n/10.95 or it may vary over time as is sug-gested in [] or [].
 []


Overfull \hbox (448.1895pt too wide) in paragraph at lines 9--12
\T1/ppl/m/n/10.95 Other time vary-ing con-trols could be chords [][][][],
 []


Overfull \hbox (114.73189pt too wide) in paragraph at lines 9--12
\T1/ppl/m/n/10.95 melody [][] or tex-ture [].
 []


LaTeX Warning: Reference `representation' on page 18 undefined on input line 15.


LaTeX Warning: Citation 'Lin_cocomulla_2024' on page 18 undefined on input line 15.


LaTeX Warning: Citation 'Tal_jasco' on page 18 undefined on input line 15.


LaTeX Warning: Citation 'Lan_Hsiao_Cheng_Yang_musicongen_2024' on page 18 undefined on input line 15.


LaTeX Warning: Citation 'Wu_Donahue_musicontrolnet_2023' on page 18 undefined on input line 15.


LaTeX Warning: Citation 'Rütte_figaro_2023' on page 18 undefined on input line 16.


LaTeX Warning: Citation 'Huang_Yang_remi_pop_transformer_2020' on page 18 undefined on input line 16.


LaTeX Warning: Citation 'Lu_Xu_Kang_Yu_Xing_Tan_Bian_MuseCoco_2023' on page 18 undefined on input line 16.


LaTeX Warning: Citation 'Rütte_figaro_2023' on page 18 undefined on input line 16.


LaTeX Warning: Citation 'Huang_rule_diffusion_2024' on page 18 undefined on input line 16.


LaTeX Warning: Citation 'Min_Jiang_Xia_Zhao_polyffusion_2023' on page 18 undefined on input line 16.


LaTeX Warning: Citation 'Wang_vae_chord_rhythm_2020' on page 18 undefined on input line 16.


LaTeX Warning: Citation 'Zhu_Liu_Jiang_Zheng_texture_2024' on page 18 undefined on input line 16.


Overfull \hbox (5.34166pt too wide) in paragraph at lines 15--17
\T1/ppl/m/n/10.95 MusicConGen.[]control for rhythm is added through
 []


Overfull \hbox (46.03114pt too wide) in paragraph at lines 15--17
\T1/ppl/m/n/10.95 tempo and me-ter is rel-a-tively com-mon [], [],
 []


Overfull \hbox (132.86327pt too wide) in paragraph at lines 15--17
\T1/ppl/m/n/10.95 some-times de-ployed through note-density (both ver-ti-cal and horizontal)[],[].
 []


Overfull \hbox (69.49728pt too wide) in paragraph at lines 15--17
\T1/ppl/m/n/10.95 tional auto-encoder[]. An-other ap-proach []
 []

[18]

LaTeX Warning: Citation 'Lan_Hsiao_Cheng_Yang_musicongen_2024' on page 19 undefined on input line 21.


LaTeX Warning: Citation 'Rütte_figaro_2023' on page 19 undefined on input line 21.


LaTeX Warning: Citation 'Huang_Yang_remi_pop_transformer_2020' on page 19 undefined on input line 21.


LaTeX Warning: Citation 'Min_Jiang_Xia_Zhao_polyffusion_2023' on page 19 undefined on input line 21.


Overfull \hbox (130.26772pt too wide) in paragraph at lines 21--22
\T1/ppl/m/n/10.95 tasks it is a promis-ing con-trol fea-ture. The clos-est ap-prox-i-ma-tion is that of tex-ture []
 []


LaTeX Warning: Citation 'Chew_Volk_Lee_Dance_metric_weight_2005' on page 19 undefined on input line 27.


LaTeX Warning: Citation 'Haas_Volk_2016' on page 19 undefined on input line 27.


LaTeX Warning: Citation 'Volk_Garbers_VanKranenburg_Wiering_Grijp_Veltkamp_2009' on page 19 undefined on input line 27.


Overfull \hbox (4.23552pt too wide) in paragraph at lines 27--28
\T1/ppl/m/n/10.95 and mu-sic re-trieval []. This sug-
 []


LaTeX Warning: Citation 'copet2023simple' on page 19 undefined on input line 33.


LaTeX Warning: Citation 'Dhariwal_Jun_Payne_Kim_Radford_Sutskever_2020' on page 19 undefined on input line 33.


LaTeX Warning: Citation 'Agostinelli_Denk_Borsos_Engel_Verzetti_Caillon_Huang_Jansen_Roberts_Tagliasacchi_et_al._2023' on page 19 undefined on input line 33.


LaTeX Warning: Citation 'Dong_Chen_MMT_Kirkpatrick_2023' on page 19 undefined on input line 33.


LaTeX Warning: Citation 'Huang_Vaswani_Uszkoreit_Shazeer_Simon_Hawthorne_Dai_Hoffman_Dinculescu_Eck_2018' on page 19 undefined on input line 33.


LaTeX Warning: Citation 'Zeng_Tan_Wang_MUSICBERT_2021' on page 19 undefined on input line 33.


Overfull \hbox (63.1136pt too wide) in paragraph at lines 33--34
\T1/ppl/m/n/10.95 mod-els such as Mu-sic-Gen [], Juke-box []
 []


Overfull \hbox (112.00465pt too wide) in paragraph at lines 33--34
\T1/ppl/m/n/10.95 and Mu-si-cLM []
 []


Overfull \hbox (75.93683pt too wide) in paragraph at lines 33--34
\T1/ppl/m/n/10.95 Trans-former []
 []

[19]

LaTeX Warning: Citation 'Min_Jiang_Xia_Zhao_polyffusion_2023' on page 20 undefined on input line 35.


LaTeX Warning: Citation 'Rombach_Blattmann_Lorenz_Esser_Ommer_2022' on page 20 undefined on input line 35.


Overfull \hbox (129.8424pt too wide) in paragraph at lines 35--36
\T1/ppl/m/n/10.95 gen-er-a-tion through masking.[][] 
 []


LaTeX Warning: Citation 'copet2023simple' on page 20 undefined on input line 38.


LaTeX Warning: Citation 'Agostinelli_Denk_Borsos_Engel_Verzetti_Caillon_Huang_Jansen_Roberts_Tagliasacchi_et_al._2023' on page 20 undefined on input line 43.


LaTeX Warning: Citation 'Lee_Doh_Jeong_2023_subjectivity_musiccaps' on page 20 undefined on input line 43.


Overfull \hbox (0.8562pt too wide) in paragraph at lines 43--44
[]\T1/ppl/m/n/10.95 Text-based con-trol, while user-friendly and ac-ces-si-ble to non-musicians, is in-her-ently vague.
 []


Overfull \hbox (335.57994pt too wide) in paragraph at lines 43--44
\T1/ppl/m/n/10.95 as genre and tempo. Spe-cial-ized datasets such as Mu-s-ic-Caps [],
 []


LaTeX Warning: Citation 'copet2023simple' on page 20 undefined on input line 45.


LaTeX Warning: Citation 'Rouard_Adi_Copet_Roebel_Défossez_musicgenstyle_2024' on page 20 undefined on input line 47.


Underfull \vbox (badness 1158) has occurred while \output is active []

 [20]

LaTeX Warning: Citation 'Rütte_figaro_2023' on page 21 undefined on input line 49.


LaTeX Warning: Citation 'copet2023simple' on page 21 undefined on input line 53.


LaTeX Warning: Citation 'Rouard_Adi_Copet_Roebel_Défossez_musicgenstyle_2024' on page 21 undefined on input line 53.


LaTeX Warning: Citation 'Lan_Hsiao_Cheng_Yang_musicongen_2024' on page 21 undefined on input line 55.


LaTeX Warning: Citation 'Lin_cocomulla_2024' on page 21 undefined on input line 55.


LaTeX Warning: Citation 'Shu_Xu_Musebarcontrol_2024' on page 21 undefined on input line 57.


LaTeX Warning: Citation 'Lu_Xu_Kang_Yu_Xing_Tan_Bian_MuseCoco_2023' on page 21 undefined on input line 57.


Overfull \hbox (220.42589pt too wide) in paragraph at lines 57--58
[]\T1/ppl/m/n/10.95 MuseBarControl [] is a fine-tuned ver-sion of MuseCoco[]
 []

[21]

LaTeX Warning: Citation 'Rütte_figaro_2023' on page 22 undefined on input line 60.


LaTeX Warning: Citation 'Lan_Hsiao_Cheng_Yang_musicongen_2024' on page 22 undefined on input line 60.


LaTeX Warning: Citation 'Koo_Wichern_Germain_SMITIN_2024' on page 22 undefined on input line 61.


Overfull \hbox (172.5463pt too wide) in paragraph at lines 60--62
\T1/ppl/m/n/10.95 model. Adding con-trol through rule la-bels, or con-trol to-kens as in [][]
 []


Overfull \hbox (26.11183pt too wide) in paragraph at lines 60--62
\T1/ppl/m/n/10.95 cer-tain goals. The goals ex-plored are the pres-ence of cer-tain in-stru-ments (pi-ano/drums/bass/guitar)
 []


LaTeX Warning: Citation 'Huang_rule_diffusion_2024' on page 22 undefined on input line 63.


LaTeX Warning: Citation 'Zhang_Rao_Agrawala_2023' on page 22 undefined on input line 63.


LaTeX Warning: Citation 'musicwellbeing_agres_2021' on page 22 undefined on input line 63.


Overfull \hbox (70.48145pt too wide) in paragraph at lines 63--64
\T1/ppl/m/n/10.95 si-ble to in-ter-vene with guid-ance to di-rect the sam-pling to-wards a cer-tain goal. In [],
 []


LaTeX Warning: Citation 'Yin_Reuben_Stepney_Collins_2023' on page 22 undefined on input line 67.


LaTeX Warning: Citation 'Xiong_Wang_ai_eval_methods_2023' on page 22 undefined on input line 69.


LaTeX Warning: Citation 'Min_Jiang_Xia_Zhao_polyffusion_2023' on page 22 undefined on input line 69.


LaTeX Warning: Citation 'Huang_Vaswani_Uszkoreit_Shazeer_Simon_Hawthorne_Dai_Hoffman_Dinculescu_Eck_2018' on page 22 undefined on input line 70.


LaTeX Warning: Citation 'Rütte_figaro_2023' on page 22 undefined on input line 70.


LaTeX Warning: Citation 'Sturm_Ben-Tal_2016' on page 22 undefined on input line 70.


LaTeX Warning: Citation 'Rütte_figaro_2023' on page 22 undefined on input line 70.


Overfull \hbox (520.4578pt too wide) in paragraph at lines 69--71
\T1/ppl/m/n/10.95 ment style sur-veys, where the num-ber of win-ning pieces are tal-lied for each approach.[][]
 []


Underfull \hbox (badness 10000) in paragraph at lines 69--71

 []

[22]

LaTeX Warning: Citation 'Xiong_Wang_ai_eval_methods_2023' on page 23 undefined on input line 72.


LaTeX Warning: Citation 'Huang_Vaswani_Uszkoreit_Shazeer_Simon_Hawthorne_Dai_Hoffman_Dinculescu_Eck_2018' on page 23 undefined on input line 72.


LaTeX Warning: Citation 'Rütte_figaro_2023' on page 23 undefined on input line 72.


LaTeX Warning: Citation 'Rütte_figaro_2023' on page 23 undefined on input line 72.


LaTeX Warning: Citation 'Gurjar_Moon_similarity_2018' on page 23 undefined on input line 72.


Overfull \hbox (16.86215pt too wide) in paragraph at lines 72--73
[]\T1/ppl/m/n/10.95 ,
 []


LaTeX Warning: Citation 'copet2023simple' on page 23 undefined on input line 74.


LaTeX Warning: Citation 'Kilgour_Frachet_2019' on page 23 undefined on input line 74.


LaTeX Warning: Citation 'Elizalde_Deshmukh_Ismail_Wang_2023' on page 23 undefined on input line 74.


LaTeX Warning: Citation 'Rütte_figaro_2023' on page 23 undefined on input line 78.


Overfull \hbox (27.27306pt too wide) in paragraph at lines 78--79
\T1/ppl/m/n/10.95 ated vs tar-get notes per bar. This is the ap-proach to com-pare note den-sity used in [] 
 []


LaTeX Warning: Citation 'Volk_Garbers_VanKranenburg_Wiering_Grijp_Veltkamp_2009' on page 23 undefined on input line 82.


Overfull \hbox (58.67322pt too wide) in paragraph at lines 82--83
[]\T1/ppl/b/n/10.95 Rhythmic pat-terns\T1/ppl/m/n/10.95 . Par-tial Sim-i-lar-ity []
 []


Underfull \vbox (badness 10000) has occurred while \output is active []

 [23]

LaTeX Warning: Citation 'Dong_Chen_MMT_Kirkpatrick_2023' on page 24 undefined on input line 84.


LaTeX Warning: Citation 'Yu_Lu_Wang_Hu_Tan_Ye_Zhang_museformer_2022' on page 24 undefined on input line 84.


LaTeX Warning: Citation 'Chen_Smith_Spijkervet_Wang_Zou_Li_Kong_Du_2024' on page 24 undefined on input line 84.


LaTeX Warning: Citation 'Min_Jiang_Xia_Zhao_polyffusion_2023' on page 24 undefined on input line 85.

))
Overfull \hbox (15.77629pt too wide) in paragraph at lines 84--73
\T1/ppl/m/n/10.95 (small) sub-jec-tive study. In this sce-nar-iou we would fol-low [],
 []


Overfull \hbox (104.41795pt too wide) in paragraph at lines 84--73
[] \T1/ppl/m/n/10.95 and []
 []

(./BODY/3_research_plan.tex [24]
Chapter 3.

LaTeX Warning: Citation 'Chalkiadakis_2022' on page 25 undefined on input line 20.

) (./BODY/4_methodology.tex [25

]
Chapter 4.

LaTeX Warning: Citation 'Raffel_2016' on page 26 undefined on input line 6.


LaTeX Warning: Reference `ethical' on page 26 undefined on input line 6.


Underfull \vbox (badness 10000) has occurred while \output is active []

 [26

]

LaTeX Warning: Citation 'Radford_Wu_Child_Luan_gpt2_2019' on page 27 undefined on input line 14.


LaTeX Warning: Citation 'Raffel_2016' on page 27 undefined on input line 14.

<IMAGES/Preprocessing1.jpg, id=306, 354.32375pt x 293.095pt>
File: IMAGES/Preprocessing1.jpg Graphic file (type jpg)
<use IMAGES/Preprocessing1.jpg>
Package pdftex.def Info: IMAGES/Preprocessing1.jpg  used on input line 18.
(pdftex.def)             Requested size: 227.62206pt x 188.29123pt.

LaTeX Warning: Citation 'Rütte_figaro_2023' on page 27 undefined on input line 25.

[27 <./IMAGES/Preprocessing1.jpg>]
<IMAGES/full_ft.jpg, id=315, 419.5675pt x 279.0425pt>
File: IMAGES/full_ft.jpg Graphic file (type jpg)
<use IMAGES/full_ft.jpg>
Package pdftex.def Info: IMAGES/full_ft.jpg  used on input line 29.
(pdftex.def)             Requested size: 227.62206pt x 151.38324pt.
<IMAGES/vocab_lora_ft.jpg, id=316, 408.52625pt x 284.06125pt>
File: IMAGES/vocab_lora_ft.jpg Graphic file (type jpg)
<use IMAGES/vocab_lora_ft.jpg>
Package pdftex.def Info: IMAGES/vocab_lora_ft.jpg  used on input line 36.
(pdftex.def)             Requested size: 227.62206pt x 158.27567pt.


LaTeX Warning: Citation 'Lin_cocomulla_2024' on page 28 undefined on input line 43.

<IMAGES/ControlTokensLora.jpg, id=317, 427.5975pt x 326.21875pt>
File: IMAGES/ControlTokensLora.jpg Graphic file (type jpg)
<use IMAGES/ControlTokensLora.jpg>
Package pdftex.def Info: IMAGES/ControlTokensLora.jpg  used on input line 47.
(pdftex.def)             Requested size: 227.62206pt x 173.65172pt.
[28 <./IMAGES/full_ft.jpg> <./IMAGES/vocab_lora_ft.jpg>]

LaTeX Warning: Citation 'Koo_Wichern_Germain_SMITIN_2024' on page 29 undefined on input line 54.


LaTeX Warning: Citation 'language_guide_rutte_2024' on page 29 undefined on input line 54.


LaTeX Warning: Citation 'language_guide_rutte_2024' on page 29 undefined on input line 54.

<IMAGES/adhoccontrol.jpg, id=325, 424.58624pt x 282.05376pt>
File: IMAGES/adhoccontrol.jpg Graphic file (type jpg)
<use IMAGES/adhoccontrol.jpg>
Package pdftex.def Info: IMAGES/adhoccontrol.jpg  used on input line 58.
(pdftex.def)             Requested size: 227.62206pt x 151.20929pt.

LaTeX Warning: Citation 'Shu_Xu_Musebarcontrol_2024' on page 29 undefined on input line 63.


Overfull \hbox (45.97087pt too wide) in paragraph at lines 63--64
[]\T1/ppl/m/n/10.95 If these ex-per-i-ments are not suc-cess-ful, we can fol-low the ap-proach of []
 []


LaTeX Warning: Citation 'Raffel_2016' on page 29 undefined on input line 68.

[29 <./IMAGES/ControlTokensLora.jpg> <./IMAGES/adhoccontrol.jpg>]
<IMAGES/MusicLang.JPG, id=336, 829.59938pt x 251.43938pt>
File: IMAGES/MusicLang.JPG Graphic file (type jpg)
<use IMAGES/MusicLang.JPG>
Package pdftex.def Info: IMAGES/MusicLang.JPG  used on input line 72.
(pdftex.def)             Requested size: 227.62206pt x 68.98682pt.


LaTeX Warning: Citation 'Lin_cocomulla_2024' on page 30 undefined on input line 80.

<IMAGES/IMA1.JPG, id=337, 338.01282pt x 83.5622pt>
File: IMAGES/IMA1.JPG Graphic file (type jpg)
<use IMAGES/IMA1.JPG>
Package pdftex.def Info: IMAGES/IMA1.JPG  used on input line 86.
(pdftex.def)             Requested size: 204.85846pt x 50.64516pt.
<IMAGES/IMA2.JPG, id=338, 328.97906pt x 140.02313pt>
File: IMAGES/IMA2.JPG Graphic file (type jpg)
<use IMAGES/IMA2.JPG>
Package pdftex.def Info: IMAGES/IMA2.JPG  used on input line 92.
(pdftex.def)             Requested size: 204.85846pt x 87.19588pt.
<IMAGES/IMA3.JPG, id=339, 275.52937pt x 226.59656pt>
File: IMAGES/IMA3.JPG Graphic file (type jpg)
<use IMAGES/IMA3.JPG>
Package pdftex.def Info: IMAGES/IMA3.JPG  used on input line 101.
(pdftex.def)             Requested size: 204.85846pt x 168.48444pt.
<IMAGES/IMA4.JPG, id=340, 284.56313pt x 229.60782pt>
File: IMAGES/IMA4.JPG Graphic file (type jpg)
<use IMAGES/IMA4.JPG>
Package pdftex.def Info: IMAGES/IMA4.JPG  used on input line 107.
(pdftex.def)             Requested size: 204.85846pt x 165.30348pt.

LaTeX Warning: Citation 'Bemman2024' on page 30 undefined on input line 112.


LaTeX Warning: Citation 'Bemman2024' on page 30 undefined on input line 112.


Underfull \vbox (badness 10000) has occurred while \output is active []

 [30 <./IMAGES/MusicLang.JPG>]
./BODY/4_methodology.tex:119: Missing $ inserted.
<inserted text> 
                $
l.119 ...where the predicted is label is the note_
                                                  density of the generated m...
I've inserted a begin-math/end-math symbol since I think
you left one out. Proceed, with fingers crossed.


./BODY/4_methodology.tex:120: LaTeX Error: Bad math environment delimiter.

See the LaTeX manual or LaTeX Companion for explanation.
Type  H <return>  for immediate help.
 ...                                              
                                                  
l.120 \[
        
Your command was ignored.
Type  I <command> <return>  to replace it with another command,
or  <return>  to continue without it.

./BODY/4_methodology.tex:122: Missing \endgroup inserted.
<inserted text> 
                \endgroup 
l.122 \]
        
I've inserted something that you may have forgotten.
(See the <inserted text> above.)
With luck, this will get me unwedged. But if you
really didn't forget anything, try typing `2' now; then
my insertion and my current dilemma will both disappear.


./BODY/4_methodology.tex:122: LaTeX Error: \begin{document} ended by \end{equation*}.

See the LaTeX manual or LaTeX Companion for explanation.
Type  H <return>  for immediate help.
 ...                                              
                                                  
l.122 \]
        
Your command was ignored.
Type  I <command> <return>  to replace it with another command,
or  <return>  to continue without it.

./BODY/4_methodology.tex:122: Missing $ inserted.
<inserted text> 
                $
l.122 \]
        
I've inserted something that you may have forgotten.
(See the <inserted text> above.)
With luck, this will get me unwedged. But if you
really didn't forget anything, try typing `2' now; then
my insertion and my current dilemma will both disappear.

./BODY/4_methodology.tex:122: Extra \endgroup.
<recently read> \endgroup 
                          
l.122 \]
        
Things are pretty mixed up, but I think the worst is over.


LaTeX Warning: Citation 'Bemman2024' on page 31 undefined on input line 123.


Overfull \hbox (646.90753pt too wide) in paragraph at lines 118--125
\T1/ppl/m/n/10.95 sim-i-larly to a mul-ti-l-abel clas-si-fier, where the pre-dicted is la-bel is the note$[]\OML/zplm/m/it/10.95 ensityofthegeneratedmusic\OT1/ppl/m/n/10.95 , \OML/zplm/m/it/10.95 andthetruelabelisthenote[]ensitygiveninthepromptonabarbybarlevel\OT1/ppl/m/n/10.95 .\OML/zplm/m/it/10.95 Themetricsinlcudeaccuracy\OT1/ppl/m/n/10.95 , \OML/zplm/m/it/10.95 precision\OT1/ppl/m/n/10.95 , \OML/zplm/m/it/10.95 recallandF\OT1/ppl/m/n/10.95 1\OML/zplm/m/it/10.95 scoresIfnote \OMS/zplm/m/n/10.95 ^^@
 []


Overfull \hbox (5.62547pt too wide) in paragraph at lines 118--125
\T1/ppl/m/n/10.95 weight pro-files, which we use as guid-ance mech-a-nism. Fol-low-ing the ap-proach by []
 []


Underfull \vbox (badness 10000) has occurred while \output is active []

 [31 <./IMAGES/IMA1.JPG> <./IMAGES/IMA2.JPG> <./IMAGES/IMA3.JPG> <./IMAGES/IMA4.JPG>]

LaTeX Warning: Citation 'Chalkiadakis_2022' on page 32 undefined on input line 132.


Overfull \hbox (12.6208pt too wide) in paragraph at lines 132--133
\T1/ppl/m/n/10.95 MACT per-spec-tive. Specif-i-cally, in the MACT pro-to-coll used by Chalki-adakis [],
 []


LaTeX Warning: Citation 'Rütte_figaro_2023' on page 32 undefined on input line 135.


LaTeX Warning: Citation 'Min_Jiang_Xia_Zhao_polyffusion_2023' on page 32 undefined on input line 135.


LaTeX Warning: Citation 'Chalkiadakis_2022' on page 32 undefined on input line 135.


LaTeX Warning: Citation 'Schlette_2022' on page 32 undefined on input line 135.


Overfull \hbox (60.3534pt too wide) in paragraph at lines 135--137
\T1/ppl/m/n/10.95 clud-ing our model, FI-GARO [] and Poly-fus-sion []
 []


Overfull \hbox (23.16782pt too wide) in paragraph at lines 135--137
\T1/ppl/m/n/10.95 as well as the im-proved rule based gen-er-a-tor of "Last Minute Gig" [][].
 []

<IMAGES/project_plan.jpg, id=359, 840.13875pt x 351.56343pt>
File: IMAGES/project_plan.jpg Graphic file (type jpg)
<use IMAGES/project_plan.jpg>
Package pdftex.def Info: IMAGES/project_plan.jpg  used on input line 142.
(pdftex.def)             Requested size: 455.24411pt x 190.50124pt.
) (./BODY/5_results.tex)

LaTeX Warning: Empty bibliography on input line 91.

(./BODY/A_appendix-A.tex [32 <./IMAGES/project_plan.jpg>]
Chapter 5.

Overfull \hbox (62.29333pt too wide) in paragraph at lines 9--11
\T1/ppl/m/n/10.95 Pretokenized Se-quence Lengths - Mean: 47976.146146146144, Me-dian: 43692.0, Std Dev: 23159.918513030065
 []


Overfull \hbox (42.96686pt too wide) in paragraph at lines 9--11
\T1/ppl/m/n/10.95 To-k-enized Se-quence Lengths - Mean: 14519.587587587588, Me-dian: 13159.0, Std Dev: 7197.064427699848 
 []

File: IMAGES/scatter_pre_post_tok.png Graphic file (type png)
<use IMAGES/scatter_pre_post_tok.png>
Package pdftex.def Info: IMAGES/scatter_pre_post_tok.png  used on input line 16.
(pdftex.def)             Requested size: 227.62206pt x 169.03629pt.

LaTeX Warning: Citation 'Chalkiadakis_2022' on page 33 undefined on input line 23.

[33

]

LaTeX Warning: Citation 'Hadjeres_Pachet_Nielsen_2017' on page 34 undefined on input line 56.


LaTeX Warning: Citation 'jsbchorales' on page 34 undefined on input line 56.


LaTeX Warning: Citation 'Sturm_Ben-Tal_2016' on page 34 undefined on input line 57.


LaTeX Warning: Citation 'sessionfolkdata' on page 34 undefined on input line 57.


LaTeX Warning: Citation 'Huang_Vaswani_Uszkoreit_Shazeer_Simon_Hawthorne_Dai_Hoffman_Dinculescu_Eck_2018' on page 34 undefined on input line 58.


LaTeX Warning: Citation 'hawthorne2018maestro' on page 34 undefined on input line 58.


LaTeX Warning: Citation 'jsbchorales' on page 34 undefined on input line 58.


LaTeX Warning: Citation 'midinet' on page 34 undefined on input line 59.


LaTeX Warning: Citation 'hooktheorypopmidi' on page 34 undefined on input line 59.


LaTeX Warning: Citation 'Min_Jiang_Xia_Zhao_polyffusion_2023' on page 34 undefined on input line 60.


LaTeX Warning: Citation 'Wang_Chen_pop90_dataset' on page 34 undefined on input line 60.


LaTeX Warning: Citation 'Rütte_figaro_2023' on page 34 undefined on input line 61.


LaTeX Warning: Citation 'Raffel_2016' on page 34 undefined on input line 61.


LaTeX Warning: Citation 'Dong_Chen_MMT_Kirkpatrick_2023' on page 34 undefined on input line 62.


LaTeX Warning: Citation 'Raffel_2016' on page 34 undefined on input line 62.


LaTeX Warning: Citation 'Crestel_OrchestralDataset' on page 34 undefined on input line 62.


LaTeX Warning: Citation 'Huang_Yang_remi_pop_transformer_2020' on page 34 undefined on input line 63.


LaTeX Warning: Citation 'Christine_2019' on page 34 undefined on input line 64.


LaTeX Warning: Citation 'hawthorne2018maestro' on page 34 undefined on input line 64.


LaTeX Warning: Citation 'classicalarchives' on page 34 undefined on input line 64.


LaTeX Warning: Citation 'bitmidi' on page 34 undefined on input line 64.


LaTeX Warning: Citation 'Ens_Pasquier_2020_MMM' on page 34 undefined on input line 65.


LaTeX Warning: Citation 'Raffel_2016' on page 34 undefined on input line 65.


LaTeX Warning: Citation 'Chen_Smith_Spijkervet_Wang_Zou_Li_Kong_Du_2024' on page 34 undefined on input line 66.


LaTeX Warning: Citation 'Raffel_2016' on page 34 undefined on input line 66.


LaTeX Warning: Citation 'Bertin-Mahieux_Ellis_Whitman_Lamere_2011' on page 34 undefined on input line 66.


LaTeX Warning: Citation 'Lu_Xu_Kang_Yu_Xing_Tan_Bian_MuseCoco_2023' on page 34 undefined on input line 67.


LaTeX Warning: Citation 'Shu_Xu_Musebarcontrol_2024' on page 34 undefined on input line 68.


LaTeX Warning: Citation 'Wang_Chen_pop90_dataset' on page 34 undefined on input line 68.


LaTeX Warning: Citation 'Yu_Lu_Wang_Hu_Tan_Ye_Zhang_museformer_2022' on page 34 undefined on input line 69.


LaTeX Warning: Citation 'Raffel_2016' on page 34 undefined on input line 69.


LaTeX Warning: Citation 'Ryu_Dong_nested_2024' on page 34 undefined on input line 70.


LaTeX Warning: Citation 'Raffel_2016' on page 34 undefined on input line 70.


LaTeX Warning: Citation 'Wang_Chen_pop90_dataset' on page 34 undefined on input line 70.


LaTeX Warning: Citation 'Crestel_OrchestralDataset' on page 34 undefined on input line 70.


LaTeX Warning: Citation 'Zhu_Liu_Jiang_Zheng_texture_2024' on page 34 undefined on input line 71.


LaTeX Warning: Citation 'Wang_Chen_pop90_dataset' on page 34 undefined on input line 71.


LaTeX Warning: Citation 'hawthorne2018maestro' on page 34 undefined on input line 72.


LaTeX Warning: Citation 'Huang_rule_diffusion_2024' on page 34 undefined on input line 73.


LaTeX Warning: Citation 'hawthorne2018maestro' on page 34 undefined on input line 73.


LaTeX Warning: Citation 'Wang_Chen_pop90_dataset' on page 34 undefined on input line 73.


Overfull \hbox (769.00668pt too wide) in paragraph at lines 52--76
 [][] 
 []


LaTeX Warning: Citation 'Hadjeres_Pachet_Nielsen_2017' on page 34 undefined on input line 84.


LaTeX Warning: Citation 'Sturm_Ben-Tal_2016' on page 34 undefined on input line 85.


LaTeX Warning: Citation 'Huang_Vaswani_Uszkoreit_Shazeer_Simon_Hawthorne_Dai_Hoffman_Dinculescu_Eck_2018' on page 34 undefined on input line 86.


Overfull \hbox (132.96411pt too wide) in paragraph at lines 86--87
[]\T1/ppl/m/n/10.95 MusicTransformer []
 []


LaTeX Warning: Citation 'midinet' on page 34 undefined on input line 87.


LaTeX Warning: Citation 'Min_Jiang_Xia_Zhao_polyffusion_2023' on page 34 undefined on input line 90.


LaTeX Warning: Citation 'Rütte_figaro_2023' on page 34 undefined on input line 92.

[34]

LaTeX Warning: Citation 'Dong_Chen_MMT_Kirkpatrick_2023' on page 35 undefined on input line 97.


LaTeX Warning: Citation 'Huang_Yang_remi_pop_transformer_2020' on page 35 undefined on input line 102.


LaTeX Warning: Citation 'Christine_2019' on page 35 undefined on input line 104.


LaTeX Warning: Citation 'Ens_Pasquier_2020_MMM' on page 35 undefined on input line 106.


LaTeX Warning: Citation 'Chen_Smith_Spijkervet_Wang_Zou_Li_Kong_Du_2024' on page 35 undefined on input line 110.


LaTeX Warning: Citation 'Lu_Xu_Kang_Yu_Xing_Tan_Bian_MuseCoco_2023' on page 35 undefined on input line 117.


LaTeX Warning: Citation 'Shu_Xu_Musebarcontrol_2024' on page 35 undefined on input line 122.


LaTeX Warning: Citation 'Yu_Lu_Wang_Hu_Tan_Ye_Zhang_museformer_2022' on page 35 undefined on input line 124.


Overfull \hbox (7.39005pt too wide) in paragraph at lines 124--129
[]\T1/ppl/m/n/10.95 Museformer [] - Trans-former - No con-
 []


LaTeX Warning: Citation 'Ryu_Dong_nested_2024' on page 35 undefined on input line 130.


Underfull \vbox (badness 10000) has occurred while \output is active []

 [35]

LaTeX Warning: Citation 'Tan_Herremans_2020' on page 36 undefined on input line 138.


Overfull \hbox (3.56575pt too wide) in paragraph at lines 145--147
[]\T1/ppl/m/n/10.95 NDRD Sym-bolic Mu-sic Gen-er-a-tion with Non-Differentiable Rule Guided Dif-fu-sion. Guid-
 []

) [36] (./main.aux)
 ***********
LaTeX2e <2023-06-01> patch level 1
L3 programming layer <2023-06-30>
 ***********


LaTeX Warning: There were undefined references.


LaTeX Warning: There were multiply-defined labels.

Package rerunfilecheck Info: File `main.out' has not changed.
(rerunfilecheck)             Checksum: 3C7A1180B96F46D51EC244CC9EE5D11E;3742.

Package biblatex Warning: Please (re)run Biber on the file:
(biblatex)                main
(biblatex)                and rerun LaTeX afterwards.

Package logreq Info: Writing requests to 'main.run.xml'.
\openout1 = `main.run.xml'.

 ) 
Here is how much of TeX's memory you used:
 29187 strings out of 475237
 556891 string characters out of 5764559
 1941244 words of memory out of 5000000
 49879 multiletter control sequences out of 15000+600000
 624603 words of font info for 182 fonts, out of 8000000 for 9000
 1141 hyphenation exceptions out of 8191
 84i,12n,120p,2540b,1976s stack positions out of 10000i,1000n,20000p,200000b,200000s
</usr/local/texlive/2023/texmf-dist/fonts/type1/public/amsfonts/cm/cmex10.pfb></usr/local/texlive/2023/texmf-dist/fonts/type1/public/amsfonts/cm/cmr10.pfb></usr/local/texlive/2023/texmf-dist/fonts/type1/public/amsfonts/cm/cmsy10.pfb></usr/local/texlive/2023/texmf-dist/fonts/type1/public/mathpazo/fplmr.pfb></usr/local/texlive/2023/texmf-dist/fonts/type1/urw/palatino/uplb8a.pfb></usr/local/texlive/2023/texmf-dist/fonts/type1/urw/palatino/uplr8a.pfb></usr/local/texlive/2023/texmf-dist/fonts/type1/urw/palatino/uplri8a.pfb>
Output written on main.pdf (37 pages, 556703 bytes).
PDF statistics:
 445 PDF objects out of 1000 (max. 8388607)
 371 compressed objects within 4 object streams
 117 named destinations out of 1000 (max. 500000)
 252 words of extra memory for PDF output out of 10000 (max. 10000000)

