\BOOKMARK [0][-]{chapter.1}{\376\377\000I\000n\000t\000r\000o\000d\000u\000c\000t\000i\000o\000n}{}% 1
\BOOKMARK [0][-]{chapter.2}{\376\377\000L\000i\000t\000e\000r\000a\000t\000u\000r\000e}{}% 2
\BOOKMARK [1][-]{section.2.1}{\376\377\000W\000h\000y\000\040\000G\000e\000n\000e\000r\000a\000t\000e\000\040\000M\000u\000s\000i\000c\000?\000\040\000-\000\040\000M\000o\000t\000i\000v\000a\000t\000i\000o\000n}{chapter.2}% 3
\BOOKMARK [1][-]{section.2.2}{\376\377\000W\000h\000y\000\040\000N\000o\000t\000\040\000G\000e\000n\000e\000r\000a\000t\000e\000\040\000M\000u\000s\000i\000c\000?\000\040\000-\000\040\000E\000t\000h\000i\000c\000a\000l\000\040\000C\000o\000n\000c\000e\000r\000n\000s}{chapter.2}% 4
\BOOKMARK [1][-]{section.2.3}{\376\377\000O\000v\000e\000r\000v\000i\000e\000w\000\040\000o\000f\000\040\000m\000u\000s\000i\000c\000\040\000g\000e\000n\000e\000r\000a\000t\000i\000o\000n}{chapter.2}% 5
\BOOKMARK [1][-]{section.2.4}{\376\377\000N\000o\000n\000-\000n\000e\000u\000r\000a\000l\000\040\000m\000u\000s\000i\000c\000\040\000g\000e\000n\000e\000r\000a\000t\000i\000o\000n}{chapter.2}% 6
\BOOKMARK [1][-]{section.2.5}{\376\377\000D\000e\000e\000p\000\040\000l\000e\000a\000r\000n\000i\000n\000g\000\040\000f\000o\000r\000\040\000m\000u\000s\000i\000c\000\040\000g\000e\000n\000e\000r\000a\000t\000i\000o\000n}{chapter.2}% 7
\BOOKMARK [1][-]{section.2.6}{\376\377\000R\000e\000p\000r\000e\000s\000e\000n\000t\000a\000t\000i\000o\000n\000\040\000a\000n\000d\000\040\000F\000o\000r\000m\000a\000t}{chapter.2}% 8
\BOOKMARK [1][-]{section.2.7}{\376\377\000C\000o\000n\000t\000r\000o\000l}{chapter.2}% 9
\BOOKMARK [1][-]{section.2.8}{\376\377\000I\000m\000p\000l\000e\000m\000e\000n\000t\000a\000t\000i\000o\000n\000\040\000o\000f\000\040\000c\000o\000n\000t\000r\000o\000l}{chapter.2}% 10
\BOOKMARK [1][-]{section.2.9}{\376\377\000E\000v\000a\000l\000u\000a\000t\000i\000o\000n}{chapter.2}% 11
\BOOKMARK [0][-]{chapter.3}{\376\377\000R\000e\000s\000e\000a\000r\000c\000h\000\040\000Q\000u\000e\000s\000t\000i\000o\000n\000s}{}% 12
\BOOKMARK [0][-]{chapter.4}{\376\377\000M\000e\000t\000h\000o\000d\000o\000l\000o\000g\000y}{}% 13
\BOOKMARK [1][-]{section.4.1}{\376\377\000T\000h\000e\000\040\000M\000o\000d\000e\000l}{chapter.4}% 14
\BOOKMARK [1][-]{section.4.2}{\376\377\000D\000e\000v\000e\000l\000o\000p\000i\000n\000g\000\040\000t\000h\000e\000\040\000M\000o\000d\000e\000l}{chapter.4}% 15
\BOOKMARK [1][-]{section.4.3}{\376\377\000U\000s\000e\000r\000\040\000S\000t\000u\000d\000y}{chapter.4}% 16
\BOOKMARK [1][-]{section.4.4}{\376\377\000T\000h\000e\000s\000i\000s\000\040\000T\000i\000m\000e\000l\000i\000n\000e}{chapter.4}% 17
\BOOKMARK [0][-]{figure.caption.13}{\376\377\000B\000i\000b\000l\000i\000o\000g\000r\000a\000p\000h\000y}{}% 18
\BOOKMARK [0][-]{chapter.5}{\376\377\000A\000p\000p\000e\000n\000d\000i\000x}{}% 19
\BOOKMARK [1][-]{section.5.1}{\376\377\000C\000o\000m\000p\000a\000r\000i\000n\000g\000\040\000T\000o\000k\000e\000n\000i\000z\000a\000t\000i\000o\000n\000\040\000l\000e\000n\000g\000t\000h\000s}{chapter.5}% 20
\BOOKMARK [1][-]{section.5.2}{\376\377\000I\000n\000t\000e\000g\000r\000a\000t\000i\000o\000n\000\040\000i\000n\000t\000o\000\040\000L\000a\000s\000t\000M\000i\000n\000u\000t\000e\000G\000i\000g\000\040\0002\000\040\000m\000o\000n\000t\000h\000s}{chapter.5}% 21
\BOOKMARK [1][-]{section.5.3}{\376\377\000N\000o\000t\000e\000s\000\040\000C\000o\000m\000p\000a\000r\000i\000n\000g\000\040\000S\000y\000m\000b\000o\000l\000i\000c\000\040\000M\000u\000s\000i\000c\000\040\000G\000e\000n\000e\000r\000a\000t\000o\000r\000s\000\040\000a\000n\000d\000\040\000t\000h\000e\000i\000r\000\040\000e\000v\000a\000l\000u\000a\000t\000i\000o\000n\000\040\000m\000e\000t\000h\000o\000d\000s}{chapter.5}% 22
